Analysis & Synthesis report for top
Wed May 16 19:59:06 2018
Quartus Prime Version 16.1.0 Build 196 10/24/2016 SJ Lite Edition


---------------------
; Table of Contents ;
---------------------
  1. Legal Notice
  2. Analysis & Synthesis Summary
  3. Analysis & Synthesis Settings
  4. Parallel Compilation
  5. Analysis & Synthesis Source Files Read
  6. Analysis & Synthesis Resource Usage Summary
  7. Analysis & Synthesis Resource Utilization by Entity
  8. State Machine - |top|state
  9. User-Specified and Inferred Latches
 10. Registers Removed During Synthesis
 11. General Register Statistics
 12. Multiplexer Restructuring Statistics (Restructuring Performed)
 13. Parameter Settings for User Entity Instance: Top-level Entity: |top
 14. Parameter Settings for User Entity Instance: bcd2driver:bal
 15. Parameter Settings for User Entity Instance: bcd2driver:cur
 16. Parameter Settings for Inferred Entity Instance: bcd2driver:cur|lpm_divide:Mod0
 17. Parameter Settings for Inferred Entity Instance: bcd2driver:cur|lpm_divide:Div0
 18. Parameter Settings for Inferred Entity Instance: bcd2driver:cur|lpm_divide:Mod1
 19. Parameter Settings for Inferred Entity Instance: bcd2driver:bal|lpm_divide:Mod0
 20. Parameter Settings for Inferred Entity Instance: bcd2driver:bal|lpm_divide:Div0
 21. Parameter Settings for Inferred Entity Instance: bcd2driver:bal|lpm_divide:Mod1
 22. Port Connectivity Checks: "bcd2driver:cur"
 23. Port Connectivity Checks: "bcd2driver:bal"
 24. Post-Synthesis Netlist Statistics for Top Partition
 25. Elapsed Time Per Partition
 26. Analysis & Synthesis Messages
 27. Analysis & Synthesis Suppressed Messages



----------------
; Legal Notice ;
----------------
Copyright (C) 2016  Intel Corporation. All rights reserved.
Your use of Intel Corporation's design tools, logic functions 
and other software and tools, and its AMPP partner logic 
functions, and any output files from any of the foregoing 
(including device programming or simulation files), and any 
associated documentation or information are expressly subject 
to the terms and conditions of the Intel Program License 
Subscription Agreement, the Intel Quartus Prime License Agreement,
the Intel MegaCore Function License Agreement, or other 
applicable license agreement, including, without limitation, 
that your use is for the sole purpose of programming logic 
devices manufactured by Intel and sold by Intel or its 
authorized distributors.  Please refer to the applicable 
agreement for further details.



+----------------------------------------------------------------------------------+
; Analysis & Synthesis Summary                                                     ;
+------------------------------------+---------------------------------------------+
; Analysis & Synthesis Status        ; Successful - Wed May 16 19:59:06 2018       ;
; Quartus Prime Version              ; 16.1.0 Build 196 10/24/2016 SJ Lite Edition ;
; Revision Name                      ; top                                         ;
; Top-level Entity Name              ; top                                         ;
; Family                             ; MAX 10                                      ;
; Total logic elements               ; 336                                         ;
;     Total combinational functions  ; 330                                         ;
;     Dedicated logic registers      ; 18                                          ;
; Total registers                    ; 18                                          ;
; Total pins                         ; 71                                          ;
; Total virtual pins                 ; 0                                           ;
; Total memory bits                  ; 0                                           ;
; Embedded Multiplier 9-bit elements ; 0                                           ;
; Total PLLs                         ; 0                                           ;
; UFM blocks                         ; 0                                           ;
; ADC blocks                         ; 0                                           ;
+------------------------------------+---------------------------------------------+


+----------------------------------------------------------------------------------------------------------------------+
; Analysis & Synthesis Settings                                                                                        ;
+----------------------------------------------------------------------------+--------------------+--------------------+
; Option                                                                     ; Setting            ; Default Value      ;
+----------------------------------------------------------------------------+--------------------+--------------------+
; Device                                                                     ; 10M50DAF484C7G     ;                    ;
; Top-level entity name                                                      ; top                ; top                ;
; Family name                                                                ; MAX 10 FPGA        ; Cyclone V          ;
; Use smart compilation                                                      ; Off                ; Off                ;
; Enable parallel Assembler and TimeQuest Timing Analyzer during compilation ; On                 ; On                 ;
; Enable compact report table                                                ; Off                ; Off                ;
; Restructure Multiplexers                                                   ; Auto               ; Auto               ;
; Create Debugging Nodes for IP Cores                                        ; Off                ; Off                ;
; Preserve fewer node names                                                  ; On                 ; On                 ;
; OpenCore Plus hardware evaluation                                          ; Enable             ; Enable             ;
; Verilog Version                                                            ; Verilog_2001       ; Verilog_2001       ;
; VHDL Version                                                               ; VHDL_1993          ; VHDL_1993          ;
; State Machine Processing                                                   ; Auto               ; Auto               ;
; Safe State Machine                                                         ; Off                ; Off                ;
; Extract Verilog State Machines                                             ; On                 ; On                 ;
; Extract VHDL State Machines                                                ; On                 ; On                 ;
; Ignore Verilog initial constructs                                          ; Off                ; Off                ;
; Iteration limit for constant Verilog loops                                 ; 5000               ; 5000               ;
; Iteration limit for non-constant Verilog loops                             ; 250                ; 250                ;
; Add Pass-Through Logic to Inferred RAMs                                    ; On                 ; On                 ;
; Infer RAMs from Raw Logic                                                  ; On                 ; On                 ;
; Parallel Synthesis                                                         ; On                 ; On                 ;
; DSP Block Balancing                                                        ; Auto               ; Auto               ;
; NOT Gate Push-Back                                                         ; On                 ; On                 ;
; Power-Up Don't Care                                                        ; On                 ; On                 ;
; Remove Redundant Logic Cells                                               ; Off                ; Off                ;
; Remove Duplicate Registers                                                 ; On                 ; On                 ;
; Ignore CARRY Buffers                                                       ; Off                ; Off                ;
; Ignore CASCADE Buffers                                                     ; Off                ; Off                ;
; Ignore GLOBAL Buffers                                                      ; Off                ; Off                ;
; Ignore ROW GLOBAL Buffers                                                  ; Off                ; Off                ;
; Ignore LCELL Buffers                                                       ; Off                ; Off                ;
; Ignore SOFT Buffers                                                        ; On                 ; On                 ;
; Limit AHDL Integers to 32 Bits                                             ; Off                ; Off                ;
; Optimization Technique                                                     ; Balanced           ; Balanced           ;
; Carry Chain Length                                                         ; 70                 ; 70                 ;
; Auto Carry Chains                                                          ; On                 ; On                 ;
; Auto Open-Drain Pins                                                       ; On                 ; On                 ;
; Perform WYSIWYG Primitive Resynthesis                                      ; Off                ; Off                ;
; Auto ROM Replacement                                                       ; On                 ; On                 ;
; Auto RAM Replacement                                                       ; On                 ; On                 ;
; Auto DSP Block Replacement                                                 ; On                 ; On                 ;
; Auto Shift Register Replacement                                            ; Auto               ; Auto               ;
; Allow Shift Register Merging across Hierarchies                            ; Auto               ; Auto               ;
; Auto Clock Enable Replacement                                              ; On                 ; On                 ;
; Strict RAM Replacement                                                     ; Off                ; Off                ;
; Allow Synchronous Control Signals                                          ; On                 ; On                 ;
; Force Use of Synchronous Clear Signals                                     ; Off                ; Off                ;
; Auto RAM Block Balancing                                                   ; On                 ; On                 ;
; Auto RAM to Logic Cell Conversion                                          ; Off                ; Off                ;
; Auto Resource Sharing                                                      ; Off                ; Off                ;
; Allow Any RAM Size For Recognition                                         ; Off                ; Off                ;
; Allow Any ROM Size For Recognition                                         ; Off                ; Off                ;
; Allow Any Shift Register Size For Recognition                              ; Off                ; Off                ;
; Use LogicLock Constraints during Resource Balancing                        ; On                 ; On                 ;
; Ignore translate_off and synthesis_off directives                          ; Off                ; Off                ;
; Timing-Driven Synthesis                                                    ; On                 ; On                 ;
; Report Parameter Settings                                                  ; On                 ; On                 ;
; Report Source Assignments                                                  ; On                 ; On                 ;
; Report Connectivity Checks                                                 ; On                 ; On                 ;
; Ignore Maximum Fan-Out Assignments                                         ; Off                ; Off                ;
; Synchronization Register Chain Length                                      ; 2                  ; 2                  ;
; PowerPlay Power Optimization During Synthesis                              ; Normal compilation ; Normal compilation ;
; HDL message level                                                          ; Level2             ; Level2             ;
; Suppress Register Optimization Related Messages                            ; Off                ; Off                ;
; Number of Removed Registers Reported in Synthesis Report                   ; 5000               ; 5000               ;
; Number of Swept Nodes Reported in Synthesis Report                         ; 5000               ; 5000               ;
; Number of Inverted Registers Reported in Synthesis Report                  ; 100                ; 100                ;
; Clock MUX Protection                                                       ; On                 ; On                 ;
; Auto Gated Clock Conversion                                                ; Off                ; Off                ;
; Block Design Naming                                                        ; Auto               ; Auto               ;
; SDC constraint protection                                                  ; Off                ; Off                ;
; Synthesis Effort                                                           ; Auto               ; Auto               ;
; Shift Register Replacement - Allow Asynchronous Clear Signal               ; On                 ; On                 ;
; Pre-Mapping Resynthesis Optimization                                       ; Off                ; Off                ;
; Analysis & Synthesis Message Level                                         ; Medium             ; Medium             ;
; Disable Register Merging Across Hierarchies                                ; Auto               ; Auto               ;
; Resource Aware Inference For Block RAM                                     ; On                 ; On                 ;
+----------------------------------------------------------------------------+--------------------+--------------------+


+------------------------------------------+
; Parallel Compilation                     ;
+----------------------------+-------------+
; Processors                 ; Number      ;
+----------------------------+-------------+
; Number detected on machine ; 4           ;
; Maximum allowed            ; 2           ;
;                            ;             ;
; Average used               ; 1.00        ;
; Maximum used               ; 2           ;
;                            ;             ;
; Usage by Processor         ; % Time Used ;
;     Processor 1            ; 100.0%      ;
;     Processor 2            ;   0.0%      ;
+----------------------------+-------------+


+----------------------------------------------------------------------------------------------------------------------------------------------------------------------------------+
; Analysis & Synthesis Source Files Read                                                                                                                                           ;
+----------------------------------+-----------------+------------------------------+------------------------------------------------------------------------------------+---------+
; File Name with User-Entered Path ; Used in Netlist ; File Type                    ; File Name with Absolute Path                                                       ; Library ;
+----------------------------------+-----------------+------------------------------+------------------------------------------------------------------------------------+---------+
; ../../hdl/top.v                  ; yes             ; User Verilog HDL File        ; C:/Users/seangosiaco/Desktop/eec180b/lab6/hdl/top.v                                ;         ;
; ../../hdl/bcd2driver.v           ; yes             ; User Verilog HDL File        ; C:/Users/seangosiaco/Desktop/eec180b/lab6/hdl/bcd2driver.v                         ;         ;
; lpm_divide.tdf                   ; yes             ; Megafunction                 ; c:/intelfpga_lite/16.1/quartus/libraries/megafunctions/lpm_divide.tdf              ;         ;
; abs_divider.inc                  ; yes             ; Megafunction                 ; c:/intelfpga_lite/16.1/quartus/libraries/megafunctions/abs_divider.inc             ;         ;
; sign_div_unsign.inc              ; yes             ; Megafunction                 ; c:/intelfpga_lite/16.1/quartus/libraries/megafunctions/sign_div_unsign.inc         ;         ;
; aglobal161.inc                   ; yes             ; Megafunction                 ; c:/intelfpga_lite/16.1/quartus/libraries/megafunctions/aglobal161.inc              ;         ;
; db/lpm_divide_bkl.tdf            ; yes             ; Auto-Generated Megafunction  ; C:/Users/seangosiaco/Desktop/eec180b/lab6/synthesis/top/db/lpm_divide_bkl.tdf      ;         ;
; db/sign_div_unsign_akh.tdf       ; yes             ; Auto-Generated Megafunction  ; C:/Users/seangosiaco/Desktop/eec180b/lab6/synthesis/top/db/sign_div_unsign_akh.tdf ;         ;
; db/alt_u_div_uee.tdf             ; yes             ; Auto-Generated Megafunction  ; C:/Users/seangosiaco/Desktop/eec180b/lab6/synthesis/top/db/alt_u_div_uee.tdf       ;         ;
; db/add_sub_t3c.tdf               ; yes             ; Auto-Generated Megafunction  ; C:/Users/seangosiaco/Desktop/eec180b/lab6/synthesis/top/db/add_sub_t3c.tdf         ;         ;
; db/add_sub_u3c.tdf               ; yes             ; Auto-Generated Megafunction  ; C:/Users/seangosiaco/Desktop/eec180b/lab6/synthesis/top/db/add_sub_u3c.tdf         ;         ;
; db/lpm_divide_8sl.tdf            ; yes             ; Auto-Generated Megafunction  ; C:/Users/seangosiaco/Desktop/eec180b/lab6/synthesis/top/db/lpm_divide_8sl.tdf      ;         ;
+----------------------------------+-----------------+------------------------------+------------------------------------------------------------------------------------+---------+


+----------------------------------------------------------+
; Analysis & Synthesis Resource Usage Summary              ;
+---------------------------------------------+------------+
; Resource                                    ; Usage      ;
+---------------------------------------------+------------+
; Estimated Total logic elements              ; 336        ;
;                                             ;            ;
; Total combinational functions               ; 330        ;
; Logic element usage by number of LUT inputs ;            ;
;     -- 4 input functions                    ; 84         ;
;     -- 3 input functions                    ; 83         ;
;     -- <=2 input functions                  ; 163        ;
;                                             ;            ;
; Logic elements by mode                      ;            ;
;     -- normal mode                          ; 239        ;
;     -- arithmetic mode                      ; 91         ;
;                                             ;            ;
; Total registers                             ; 18         ;
;     -- Dedicated logic registers            ; 18         ;
;     -- I/O registers                        ; 0          ;
;                                             ;            ;
; I/O pins                                    ; 71         ;
;                                             ;            ;
; Embedded Multiplier 9-bit elements          ; 0          ;
;                                             ;            ;
; Maximum fan-out node                        ; balance[5] ;
; Maximum fan-out                             ; 24         ;
; Total fan-out                               ; 1028       ;
; Average fan-out                             ; 2.10       ;
+---------------------------------------------+------------+


+-----------------------------------------------------------------------------------------------------------------------------------------------------------------------------------------------------------------------------------------------------------------------------------------------------------------------------------------------------------+
; Analysis & Synthesis Resource Utilization by Entity                                                                                                                                                                                                                                                                                                       ;
+-------------------------------------------+---------------------+---------------------------+-------------+------------+--------------+---------+-----------+------+--------------+------------+---------------------------------------------------------------------------------------------------------------------+---------------------+--------------+
; Compilation Hierarchy Node                ; Combinational ALUTs ; Dedicated Logic Registers ; Memory Bits ; UFM Blocks ; DSP Elements ; DSP 9x9 ; DSP 18x18 ; Pins ; Virtual Pins ; ADC blocks ; Full Hierarchy Name                                                                                                 ; Entity Name         ; Library Name ;
+-------------------------------------------+---------------------+---------------------------+-------------+------------+--------------+---------+-----------+------+--------------+------------+---------------------------------------------------------------------------------------------------------------------+---------------------+--------------+
; |top                                      ; 330 (75)            ; 18 (18)                   ; 0           ; 0          ; 0            ; 0       ; 0         ; 71   ; 0            ; 0          ; |top                                                                                                                ; top                 ; work         ;
;    |bcd2driver:bal|                       ; 129 (30)            ; 0 (0)                     ; 0           ; 0          ; 0            ; 0       ; 0         ; 0    ; 0            ; 0          ; |top|bcd2driver:bal                                                                                                 ; bcd2driver          ; work         ;
;       |lpm_divide:Div0|                   ; 43 (0)              ; 0 (0)                     ; 0           ; 0          ; 0            ; 0       ; 0         ; 0    ; 0            ; 0          ; |top|bcd2driver:bal|lpm_divide:Div0                                                                                 ; lpm_divide          ; work         ;
;          |lpm_divide_8sl:auto_generated|  ; 43 (0)              ; 0 (0)                     ; 0           ; 0          ; 0            ; 0       ; 0         ; 0    ; 0            ; 0          ; |top|bcd2driver:bal|lpm_divide:Div0|lpm_divide_8sl:auto_generated                                                   ; lpm_divide_8sl      ; work         ;
;             |sign_div_unsign_akh:divider| ; 43 (0)              ; 0 (0)                     ; 0           ; 0          ; 0            ; 0       ; 0         ; 0    ; 0            ; 0          ; |top|bcd2driver:bal|lpm_divide:Div0|lpm_divide_8sl:auto_generated|sign_div_unsign_akh:divider                       ; sign_div_unsign_akh ; work         ;
;                |alt_u_div_uee:divider|    ; 43 (43)             ; 0 (0)                     ; 0           ; 0          ; 0            ; 0       ; 0         ; 0    ; 0            ; 0          ; |top|bcd2driver:bal|lpm_divide:Div0|lpm_divide_8sl:auto_generated|sign_div_unsign_akh:divider|alt_u_div_uee:divider ; alt_u_div_uee       ; work         ;
;       |lpm_divide:Mod0|                   ; 46 (0)              ; 0 (0)                     ; 0           ; 0          ; 0            ; 0       ; 0         ; 0    ; 0            ; 0          ; |top|bcd2driver:bal|lpm_divide:Mod0                                                                                 ; lpm_divide          ; work         ;
;          |lpm_divide_bkl:auto_generated|  ; 46 (0)              ; 0 (0)                     ; 0           ; 0          ; 0            ; 0       ; 0         ; 0    ; 0            ; 0          ; |top|bcd2driver:bal|lpm_divide:Mod0|lpm_divide_bkl:auto_generated                                                   ; lpm_divide_bkl      ; work         ;
;             |sign_div_unsign_akh:divider| ; 46 (0)              ; 0 (0)                     ; 0           ; 0          ; 0            ; 0       ; 0         ; 0    ; 0            ; 0          ; |top|bcd2driver:bal|lpm_divide:Mod0|lpm_divide_bkl:auto_generated|sign_div_unsign_akh:divider                       ; sign_div_unsign_akh ; work         ;
;                |alt_u_div_uee:divider|    ; 46 (46)             ; 0 (0)                     ; 0           ; 0          ; 0            ; 0       ; 0         ; 0    ; 0            ; 0          ; |top|bcd2driver:bal|lpm_divide:Mod0|lpm_divide_bkl:auto_generated|sign_div_unsign_akh:divider|alt_u_div_uee:divider ; alt_u_div_uee       ; work         ;
;       |lpm_divide:Mod1|                   ; 10 (0)              ; 0 (0)                     ; 0           ; 0          ; 0            ; 0       ; 0         ; 0    ; 0            ; 0          ; |top|bcd2driver:bal|lpm_divide:Mod1                                                                                 ; lpm_divide          ; work         ;
;          |lpm_divide_bkl:auto_generated|  ; 10 (0)              ; 0 (0)                     ; 0           ; 0          ; 0            ; 0       ; 0         ; 0    ; 0            ; 0          ; |top|bcd2driver:bal|lpm_divide:Mod1|lpm_divide_bkl:auto_generated                                                   ; lpm_divide_bkl      ; work         ;
;             |sign_div_unsign_akh:divider| ; 10 (0)              ; 0 (0)                     ; 0           ; 0          ; 0            ; 0       ; 0         ; 0    ; 0            ; 0          ; |top|bcd2driver:bal|lpm_divide:Mod1|lpm_divide_bkl:auto_generated|sign_div_unsign_akh:divider                       ; sign_div_unsign_akh ; work         ;
;                |alt_u_div_uee:divider|    ; 10 (10)             ; 0 (0)                     ; 0           ; 0          ; 0            ; 0       ; 0         ; 0    ; 0            ; 0          ; |top|bcd2driver:bal|lpm_divide:Mod1|lpm_divide_bkl:auto_generated|sign_div_unsign_akh:divider|alt_u_div_uee:divider ; alt_u_div_uee       ; work         ;
;    |bcd2driver:cur|                       ; 126 (29)            ; 0 (0)                     ; 0           ; 0          ; 0            ; 0       ; 0         ; 0    ; 0            ; 0          ; |top|bcd2driver:cur                                                                                                 ; bcd2driver          ; work         ;
;       |lpm_divide:Div0|                   ; 42 (0)              ; 0 (0)                     ; 0           ; 0          ; 0            ; 0       ; 0         ; 0    ; 0            ; 0          ; |top|bcd2driver:cur|lpm_divide:Div0                                                                                 ; lpm_divide          ; work         ;
;          |lpm_divide_8sl:auto_generated|  ; 42 (0)              ; 0 (0)                     ; 0           ; 0          ; 0            ; 0       ; 0         ; 0    ; 0            ; 0          ; |top|bcd2driver:cur|lpm_divide:Div0|lpm_divide_8sl:auto_generated                                                   ; lpm_divide_8sl      ; work         ;
;             |sign_div_unsign_akh:divider| ; 42 (0)              ; 0 (0)                     ; 0           ; 0          ; 0            ; 0       ; 0         ; 0    ; 0            ; 0          ; |top|bcd2driver:cur|lpm_divide:Div0|lpm_divide_8sl:auto_generated|sign_div_unsign_akh:divider                       ; sign_div_unsign_akh ; work         ;
;                |alt_u_div_uee:divider|    ; 42 (42)             ; 0 (0)                     ; 0           ; 0          ; 0            ; 0       ; 0         ; 0    ; 0            ; 0          ; |top|bcd2driver:cur|lpm_divide:Div0|lpm_divide_8sl:auto_generated|sign_div_unsign_akh:divider|alt_u_div_uee:divider ; alt_u_div_uee       ; work         ;
;       |lpm_divide:Mod0|                   ; 45 (0)              ; 0 (0)                     ; 0           ; 0          ; 0            ; 0       ; 0         ; 0    ; 0            ; 0          ; |top|bcd2driver:cur|lpm_divide:Mod0                                                                                 ; lpm_divide          ; work         ;
;          |lpm_divide_bkl:auto_generated|  ; 45 (0)              ; 0 (0)                     ; 0           ; 0          ; 0            ; 0       ; 0         ; 0    ; 0            ; 0          ; |top|bcd2driver:cur|lpm_divide:Mod0|lpm_divide_bkl:auto_generated                                                   ; lpm_divide_bkl      ; work         ;
;             |sign_div_unsign_akh:divider| ; 45 (0)              ; 0 (0)                     ; 0           ; 0          ; 0            ; 0       ; 0         ; 0    ; 0            ; 0          ; |top|bcd2driver:cur|lpm_divide:Mod0|lpm_divide_bkl:auto_generated|sign_div_unsign_akh:divider                       ; sign_div_unsign_akh ; work         ;
;                |alt_u_div_uee:divider|    ; 45 (45)             ; 0 (0)                     ; 0           ; 0          ; 0            ; 0       ; 0         ; 0    ; 0            ; 0          ; |top|bcd2driver:cur|lpm_divide:Mod0|lpm_divide_bkl:auto_generated|sign_div_unsign_akh:divider|alt_u_div_uee:divider ; alt_u_div_uee       ; work         ;
;       |lpm_divide:Mod1|                   ; 10 (0)              ; 0 (0)                     ; 0           ; 0          ; 0            ; 0       ; 0         ; 0    ; 0            ; 0          ; |top|bcd2driver:cur|lpm_divide:Mod1                                                                                 ; lpm_divide          ; work         ;
;          |lpm_divide_bkl:auto_generated|  ; 10 (0)              ; 0 (0)                     ; 0           ; 0          ; 0            ; 0       ; 0         ; 0    ; 0            ; 0          ; |top|bcd2driver:cur|lpm_divide:Mod1|lpm_divide_bkl:auto_generated                                                   ; lpm_divide_bkl      ; work         ;
;             |sign_div_unsign_akh:divider| ; 10 (0)              ; 0 (0)                     ; 0           ; 0          ; 0            ; 0       ; 0         ; 0    ; 0            ; 0          ; |top|bcd2driver:cur|lpm_divide:Mod1|lpm_divide_bkl:auto_generated|sign_div_unsign_akh:divider                       ; sign_div_unsign_akh ; work         ;
;                |alt_u_div_uee:divider|    ; 10 (10)             ; 0 (0)                     ; 0           ; 0          ; 0            ; 0       ; 0         ; 0    ; 0            ; 0          ; |top|bcd2driver:cur|lpm_divide:Mod1|lpm_divide_bkl:auto_generated|sign_div_unsign_akh:divider|alt_u_div_uee:divider ; alt_u_div_uee       ; work         ;
+-------------------------------------------+---------------------+---------------------------+-------------+------------+--------------+---------+-----------+------+--------------+------------+---------------------------------------------------------------------------------------------------------------------+---------------------+--------------+
Note: For table entries with two numbers listed, the numbers in parentheses indicate the number of resources of the given type used by the specific entity alone. The numbers listed outside of parentheses indicate the total resources of the given type used by the specific entity and all of its sub-entities in the hierarchy.


Encoding Type:  One-Hot
+------------------------------------------------------------------------------------+
; State Machine - |top|state                                                         ;
+---------------+-------------+------------+---------------+------------+------------+
; Name          ; state.ERROR ; state.W_OK ; state.W_ERROR ; state.IDLE ; state.FULL ;
+---------------+-------------+------------+---------------+------------+------------+
; state.IDLE    ; 0           ; 0          ; 0             ; 0          ; 0          ;
; state.W_ERROR ; 0           ; 0          ; 1             ; 1          ; 0          ;
; state.W_OK    ; 0           ; 1          ; 0             ; 1          ; 0          ;
; state.ERROR   ; 1           ; 0          ; 0             ; 1          ; 0          ;
; state.FULL    ; 0           ; 0          ; 0             ; 1          ; 1          ;
+---------------+-------------+------------+---------------+------------+------------+


+----------------------------------------------------------------------------------------------------+
; User-Specified and Inferred Latches                                                                ;
+-----------------------------------------------------+---------------------+------------------------+
; Latch Name                                          ; Latch Enable Signal ; Free of Timing Hazards ;
+-----------------------------------------------------+---------------------+------------------------+
; error[0]                                            ; GND                 ; yes                    ;
; error[1]                                            ; GND                 ; yes                    ;
; error[2]                                            ; GND                 ; yes                    ;
; error[3]                                            ; GND                 ; yes                    ;
; error[4]                                            ; GND                 ; yes                    ;
; full[0]                                             ; GND                 ; yes                    ;
; full[1]                                             ; GND                 ; yes                    ;
; full[2]                                             ; GND                 ; yes                    ;
; full[3]                                             ; GND                 ; yes                    ;
; full[4]                                             ; GND                 ; yes                    ;
; Number of user-specified and inferred latches = 10  ;                     ;                        ;
+-----------------------------------------------------+---------------------+------------------------+
Note: All latches listed above may not be present at the end of synthesis due to various synthesis optimizations.


+------------------------------------------------------------+
; Registers Removed During Synthesis                         ;
+---------------------------------------+--------------------+
; Register name                         ; Reason for Removal ;
+---------------------------------------+--------------------+
; state~2                               ; Lost fanout        ;
; state~3                               ; Lost fanout        ;
; Total Number of Removed Registers = 2 ;                    ;
+---------------------------------------+--------------------+


+------------------------------------------------------+
; General Register Statistics                          ;
+----------------------------------------------+-------+
; Statistic                                    ; Value ;
+----------------------------------------------+-------+
; Total registers                              ; 18    ;
; Number of registers using Synchronous Clear  ; 8     ;
; Number of registers using Synchronous Load   ; 0     ;
; Number of registers using Asynchronous Clear ; 0     ;
; Number of registers using Asynchronous Load  ; 0     ;
; Number of registers using Clock Enable       ; 8     ;
; Number of registers using Preset             ; 0     ;
+----------------------------------------------+-------+


+------------------------------------------------------------------------------------------------------------------------------------------+
; Multiplexer Restructuring Statistics (Restructuring Performed)                                                                           ;
+--------------------+-----------+---------------+----------------------+------------------------+------------+----------------------------+
; Multiplexer Inputs ; Bus Width ; Baseline Area ; Area if Restructured ; Saving if Restructured ; Registered ; Example Multiplexer Output ;
+--------------------+-----------+---------------+----------------------+------------------------+------------+----------------------------+
; 18:1               ; 6 bits    ; 72 LEs        ; 18 LEs               ; 54 LEs                 ; Yes        ; |top|balance[6]            ;
; 6:1                ; 2 bits    ; 8 LEs         ; 4 LEs                ; 4 LEs                  ; No         ; |top|state_c.W_ERROR       ;
; 8:1                ; 2 bits    ; 10 LEs        ; 4 LEs                ; 6 LEs                  ; No         ; |top|state_c.IDLE          ;
+--------------------+-----------+---------------+----------------------+------------------------+------------+----------------------------+


+---------------------------------------------------------------------+
; Parameter Settings for User Entity Instance: Top-level Entity: |top ;
+----------------+-------+--------------------------------------------+
; Parameter Name ; Value ; Type                                       ;
+----------------+-------+--------------------------------------------+
; IDLE           ; 000   ; Unsigned Binary                            ;
; W_ERROR        ; 001   ; Unsigned Binary                            ;
; W_OK           ; 010   ; Unsigned Binary                            ;
; ERROR          ; 011   ; Unsigned Binary                            ;
; FULL           ; 100   ; Unsigned Binary                            ;
+----------------+-------+--------------------------------------------+
Note: In order to hide this table in the UI and the text report file, please set the "Show Parameter Settings in Synthesis Report" option in "Analysis and Synthesis Settings -> More Settings" to "Off".


+-------------------------------------------------------------+
; Parameter Settings for User Entity Instance: bcd2driver:bal ;
+----------------+---------+----------------------------------+
; Parameter Name ; Value   ; Type                             ;
+----------------+---------+----------------------------------+
; ZERO           ; 1000000 ; Unsigned Binary                  ;
; ONE            ; 1111001 ; Unsigned Binary                  ;
; TWO            ; 0100100 ; Unsigned Binary                  ;
; THREE          ; 0110000 ; Unsigned Binary                  ;
; FOUR           ; 0011001 ; Unsigned Binary                  ;
; FIVE           ; 0010010 ; Unsigned Binary                  ;
; SIX            ; 0000010 ; Unsigned Binary                  ;
; SEVEN          ; 1111000 ; Unsigned Binary                  ;
; EIGHT          ; 0000000 ; Unsigned Binary                  ;
; NINE           ; 0011000 ; Unsigned Binary                  ;
; DASH           ; 0111111 ; Unsigned Binary                  ;
+----------------+---------+----------------------------------+
Note: In order to hide this table in the UI and the text report file, please set the "Show Parameter Settings in Synthesis Report" option in "Analysis and Synthesis Settings -> More Settings" to "Off".


+-------------------------------------------------------------+
; Parameter Settings for User Entity Instance: bcd2driver:cur ;
+----------------+---------+----------------------------------+
; Parameter Name ; Value   ; Type                             ;
+----------------+---------+----------------------------------+
; ZERO           ; 1000000 ; Unsigned Binary                  ;
; ONE            ; 1111001 ; Unsigned Binary                  ;
; TWO            ; 0100100 ; Unsigned Binary                  ;
; THREE          ; 0110000 ; Unsigned Binary                  ;
; FOUR           ; 0011001 ; Unsigned Binary                  ;
; FIVE           ; 0010010 ; Unsigned Binary                  ;
; SIX            ; 0000010 ; Unsigned Binary                  ;
; SEVEN          ; 1111000 ; Unsigned Binary                  ;
; EIGHT          ; 0000000 ; Unsigned Binary                  ;
; NINE           ; 0011000 ; Unsigned Binary                  ;
; DASH           ; 0111111 ; Unsigned Binary                  ;
+----------------+---------+----------------------------------+
Note: In order to hide this table in the UI and the text report file, please set the "Show Parameter Settings in Synthesis Report" option in "Analysis and Synthesis Settings -> More Settings" to "Off".


+---------------------------------------------------------------------------------+
; Parameter Settings for Inferred Entity Instance: bcd2driver:cur|lpm_divide:Mod0 ;
+------------------------+----------------+---------------------------------------+
; Parameter Name         ; Value          ; Type                                  ;
+------------------------+----------------+---------------------------------------+
; LPM_WIDTHN             ; 7              ; Untyped                               ;
; LPM_WIDTHD             ; 4              ; Untyped                               ;
; LPM_NREPRESENTATION    ; UNSIGNED       ; Untyped                               ;
; LPM_DREPRESENTATION    ; UNSIGNED       ; Untyped                               ;
; LPM_PIPELINE           ; 0              ; Untyped                               ;
; LPM_REMAINDERPOSITIVE  ; TRUE           ; Untyped                               ;
; MAXIMIZE_SPEED         ; 5              ; Untyped                               ;
; CBXI_PARAMETER         ; lpm_divide_bkl ; Untyped                               ;
; CARRY_CHAIN            ; MANUAL         ; Untyped                               ;
; OPTIMIZE_FOR_SPEED     ; 5              ; Untyped                               ;
; AUTO_CARRY_CHAINS      ; ON             ; AUTO_CARRY                            ;
; IGNORE_CARRY_BUFFERS   ; OFF            ; IGNORE_CARRY                          ;
; AUTO_CASCADE_CHAINS    ; ON             ; AUTO_CASCADE                          ;
; IGNORE_CASCADE_BUFFERS ; OFF            ; IGNORE_CASCADE                        ;
+------------------------+----------------+---------------------------------------+
Note: In order to hide this table in the UI and the text report file, please set the "Show Parameter Settings in Synthesis Report" option in "Analysis and Synthesis Settings -> More Settings" to "Off".


+---------------------------------------------------------------------------------+
; Parameter Settings for Inferred Entity Instance: bcd2driver:cur|lpm_divide:Div0 ;
+------------------------+----------------+---------------------------------------+
; Parameter Name         ; Value          ; Type                                  ;
+------------------------+----------------+---------------------------------------+
; LPM_WIDTHN             ; 7              ; Untyped                               ;
; LPM_WIDTHD             ; 4              ; Untyped                               ;
; LPM_NREPRESENTATION    ; UNSIGNED       ; Untyped                               ;
; LPM_DREPRESENTATION    ; UNSIGNED       ; Untyped                               ;
; LPM_PIPELINE           ; 0              ; Untyped                               ;
; LPM_REMAINDERPOSITIVE  ; TRUE           ; Untyped                               ;
; MAXIMIZE_SPEED         ; 5              ; Untyped                               ;
; CBXI_PARAMETER         ; lpm_divide_8sl ; Untyped                               ;
; CARRY_CHAIN            ; MANUAL         ; Untyped                               ;
; OPTIMIZE_FOR_SPEED     ; 5              ; Untyped                               ;
; AUTO_CARRY_CHAINS      ; ON             ; AUTO_CARRY                            ;
; IGNORE_CARRY_BUFFERS   ; OFF            ; IGNORE_CARRY                          ;
; AUTO_CASCADE_CHAINS    ; ON             ; AUTO_CASCADE                          ;
; IGNORE_CASCADE_BUFFERS ; OFF            ; IGNORE_CASCADE                        ;
+------------------------+----------------+---------------------------------------+
Note: In order to hide this table in the UI and the text report file, please set the "Show Parameter Settings in Synthesis Report" option in "Analysis and Synthesis Settings -> More Settings" to "Off".


+---------------------------------------------------------------------------------+
; Parameter Settings for Inferred Entity Instance: bcd2driver:cur|lpm_divide:Mod1 ;
+------------------------+----------------+---------------------------------------+
; Parameter Name         ; Value          ; Type                                  ;
+------------------------+----------------+---------------------------------------+
; LPM_WIDTHN             ; 7              ; Untyped                               ;
; LPM_WIDTHD             ; 4              ; Untyped                               ;
; LPM_NREPRESENTATION    ; UNSIGNED       ; Untyped                               ;
; LPM_DREPRESENTATION    ; UNSIGNED       ; Untyped                               ;
; LPM_PIPELINE           ; 0              ; Untyped                               ;
; LPM_REMAINDERPOSITIVE  ; TRUE           ; Untyped                               ;
; MAXIMIZE_SPEED         ; 5              ; Untyped                               ;
; CBXI_PARAMETER         ; lpm_divide_bkl ; Untyped                               ;
; CARRY_CHAIN            ; MANUAL         ; Untyped                               ;
; OPTIMIZE_FOR_SPEED     ; 5              ; Untyped                               ;
; AUTO_CARRY_CHAINS      ; ON             ; AUTO_CARRY                            ;
; IGNORE_CARRY_BUFFERS   ; OFF            ; IGNORE_CARRY                          ;
; AUTO_CASCADE_CHAINS    ; ON             ; AUTO_CASCADE                          ;
; IGNORE_CASCADE_BUFFERS ; OFF            ; IGNORE_CASCADE                        ;
+------------------------+----------------+---------------------------------------+
Note: In order to hide this table in the UI and the text report file, please set the "Show Parameter Settings in Synthesis Report" option in "Analysis and Synthesis Settings -> More Settings" to "Off".


+---------------------------------------------------------------------------------+
; Parameter Settings for Inferred Entity Instance: bcd2driver:bal|lpm_divide:Mod0 ;
+------------------------+----------------+---------------------------------------+
; Parameter Name         ; Value          ; Type                                  ;
+------------------------+----------------+---------------------------------------+
; LPM_WIDTHN             ; 7              ; Untyped                               ;
; LPM_WIDTHD             ; 4              ; Untyped                               ;
; LPM_NREPRESENTATION    ; UNSIGNED       ; Untyped                               ;
; LPM_DREPRESENTATION    ; UNSIGNED       ; Untyped                               ;
; LPM_PIPELINE           ; 0              ; Untyped                               ;
; LPM_REMAINDERPOSITIVE  ; TRUE           ; Untyped                               ;
; MAXIMIZE_SPEED         ; 5              ; Untyped                               ;
; CBXI_PARAMETER         ; lpm_divide_bkl ; Untyped                               ;
; CARRY_CHAIN            ; MANUAL         ; Untyped                               ;
; OPTIMIZE_FOR_SPEED     ; 5              ; Untyped                               ;
; AUTO_CARRY_CHAINS      ; ON             ; AUTO_CARRY                            ;
; IGNORE_CARRY_BUFFERS   ; OFF            ; IGNORE_CARRY                          ;
; AUTO_CASCADE_CHAINS    ; ON             ; AUTO_CASCADE                          ;
; IGNORE_CASCADE_BUFFERS ; OFF            ; IGNORE_CASCADE                        ;
+------------------------+----------------+---------------------------------------+
Note: In order to hide this table in the UI and the text report file, please set the "Show Parameter Settings in Synthesis Report" option in "Analysis and Synthesis Settings -> More Settings" to "Off".


+---------------------------------------------------------------------------------+
; Parameter Settings for Inferred Entity Instance: bcd2driver:bal|lpm_divide:Div0 ;
+------------------------+----------------+---------------------------------------+
; Parameter Name         ; Value          ; Type                                  ;
+------------------------+----------------+---------------------------------------+
; LPM_WIDTHN             ; 7              ; Untyped                               ;
; LPM_WIDTHD             ; 4              ; Untyped                               ;
; LPM_NREPRESENTATION    ; UNSIGNED       ; Untyped                               ;
; LPM_DREPRESENTATION    ; UNSIGNED       ; Untyped                               ;
; LPM_PIPELINE           ; 0              ; Untyped                               ;
; LPM_REMAINDERPOSITIVE  ; TRUE           ; Untyped                               ;
; MAXIMIZE_SPEED         ; 5              ; Untyped                               ;
; CBXI_PARAMETER         ; lpm_divide_8sl ; Untyped                               ;
; CARRY_CHAIN            ; MANUAL         ; Untyped                               ;
; OPTIMIZE_FOR_SPEED     ; 5              ; Untyped                               ;
; AUTO_CARRY_CHAINS      ; ON             ; AUTO_CARRY                            ;
; IGNORE_CARRY_BUFFERS   ; OFF            ; IGNORE_CARRY                          ;
; AUTO_CASCADE_CHAINS    ; ON             ; AUTO_CASCADE                          ;
; IGNORE_CASCADE_BUFFERS ; OFF            ; IGNORE_CASCADE                        ;
+------------------------+----------------+---------------------------------------+
Note: In order to hide this table in the UI and the text report file, please set the "Show Parameter Settings in Synthesis Report" option in "Analysis and Synthesis Settings -> More Settings" to "Off".


+---------------------------------------------------------------------------------+
; Parameter Settings for Inferred Entity Instance: bcd2driver:bal|lpm_divide:Mod1 ;
+------------------------+----------------+---------------------------------------+
; Parameter Name         ; Value          ; Type                                  ;
+------------------------+----------------+---------------------------------------+
; LPM_WIDTHN             ; 7              ; Untyped                               ;
; LPM_WIDTHD             ; 4              ; Untyped                               ;
; LPM_NREPRESENTATION    ; UNSIGNED       ; Untyped                               ;
; LPM_DREPRESENTATION    ; UNSIGNED       ; Untyped                               ;
; LPM_PIPELINE           ; 0              ; Untyped                               ;
; LPM_REMAINDERPOSITIVE  ; TRUE           ; Untyped                               ;
; MAXIMIZE_SPEED         ; 5              ; Untyped                               ;
; CBXI_PARAMETER         ; lpm_divide_bkl ; Untyped                               ;
; CARRY_CHAIN            ; MANUAL         ; Untyped                               ;
; OPTIMIZE_FOR_SPEED     ; 5              ; Untyped                               ;
; AUTO_CARRY_CHAINS      ; ON             ; AUTO_CARRY                            ;
; IGNORE_CARRY_BUFFERS   ; OFF            ; IGNORE_CARRY                          ;
; AUTO_CASCADE_CHAINS    ; ON             ; AUTO_CASCADE                          ;
; IGNORE_CASCADE_BUFFERS ; OFF            ; IGNORE_CASCADE                        ;
+------------------------+----------------+---------------------------------------+
Note: In order to hide this table in the UI and the text report file, please set the "Show Parameter Settings in Synthesis Report" option in "Analysis and Synthesis Settings -> More Settings" to "Off".


+--------------------------------------------------------------------------------------------------------------------------------------------------------------------------------------------------+
; Port Connectivity Checks: "bcd2driver:cur"                                                                                                                                                       ;
+------+--------+----------+-----------------------------------------------------------------------------------------------------------------------------------------------------------------------+
; Port ; Type   ; Severity ; Details                                                                                                                                                               ;
+------+--------+----------+-----------------------------------------------------------------------------------------------------------------------------------------------------------------------+
; out0 ; Output ; Warning  ; Output or bidir port (7 bits) is smaller than the port expression (8 bits) it drives.  The 1 most-significant bit(s) in the port expression will be connected to GND. ;
; out1 ; Output ; Warning  ; Output or bidir port (7 bits) is smaller than the port expression (8 bits) it drives.  The 1 most-significant bit(s) in the port expression will be connected to GND. ;
; gt99 ; Output ; Info     ; Connected to dangling logic. Logic that only feeds a dangling port will be removed.                                                                                   ;
+------+--------+----------+-----------------------------------------------------------------------------------------------------------------------------------------------------------------------+


+--------------------------------------------------------------------------------------------------------------------------------------------------------------------------------------------------+
; Port Connectivity Checks: "bcd2driver:bal"                                                                                                                                                       ;
+------+--------+----------+-----------------------------------------------------------------------------------------------------------------------------------------------------------------------+
; Port ; Type   ; Severity ; Details                                                                                                                                                               ;
+------+--------+----------+-----------------------------------------------------------------------------------------------------------------------------------------------------------------------+
; out0 ; Output ; Warning  ; Output or bidir port (7 bits) is smaller than the port expression (8 bits) it drives.  The 1 most-significant bit(s) in the port expression will be connected to GND. ;
; out1 ; Output ; Warning  ; Output or bidir port (7 bits) is smaller than the port expression (8 bits) it drives.  The 1 most-significant bit(s) in the port expression will be connected to GND. ;
+------+--------+----------+-----------------------------------------------------------------------------------------------------------------------------------------------------------------------+


+-----------------------------------------------------+
; Post-Synthesis Netlist Statistics for Top Partition ;
+-----------------------+-----------------------------+
; Type                  ; Count                       ;
+-----------------------+-----------------------------+
; boundary_port         ; 71                          ;
; cycloneiii_ff         ; 18                          ;
;     ENA               ; 2                           ;
;     ENA SCLR          ; 6                           ;
;     SCLR              ; 2                           ;
;     plain             ; 8                           ;
; cycloneiii_lcell_comb ; 335                         ;
;     arith             ; 91                          ;
;         1 data inputs ; 2                           ;
;         2 data inputs ; 41                          ;
;         3 data inputs ; 48                          ;
;     normal            ; 244                         ;
;         0 data inputs ; 19                          ;
;         1 data inputs ; 10                          ;
;         2 data inputs ; 96                          ;
;         3 data inputs ; 35                          ;
;         4 data inputs ; 84                          ;
;                       ;                             ;
; Max LUT depth         ; 14.50                       ;
; Average LUT depth     ; 10.11                       ;
+-----------------------+-----------------------------+


+-------------------------------+
; Elapsed Time Per Partition    ;
+----------------+--------------+
; Partition Name ; Elapsed Time ;
+----------------+--------------+
; Top            ; 00:00:01     ;
+----------------+--------------+


+-------------------------------+
; Analysis & Synthesis Messages ;
+-------------------------------+
Info: *******************************************************************
Info: Running Quartus Prime Analysis & Synthesis
    Info: Version 16.1.0 Build 196 10/24/2016 SJ Lite Edition
    Info: Processing started: Wed May 16 19:58:48 2018
Info: Command: quartus_map --read_settings_files=on --write_settings_files=off top -c top
Warning (18236): Number of processors has not been specified which may cause overloading on shared machines.  Set the global assignment NUM_PARALLEL_PROCESSORS in your QSF to an appropriate value for best performance.
Info (20030): Parallel compilation is enabled and will use 2 of the 2 processors detected
Info (12021): Found 1 design units, including 1 entities, in source file /users/seangosiaco/desktop/eec180b/lab6/hdl/top.v
    Info (12023): Found entity 1: top File: C:/Users/seangosiaco/Desktop/eec180b/lab6/hdl/top.v Line: 1
Info (12021): Found 1 design units, including 1 entities, in source file /users/seangosiaco/desktop/eec180b/lab6/hdl/bcd2driver.v
    Info (12023): Found entity 1: bcd2driver File: C:/Users/seangosiaco/Desktop/eec180b/lab6/hdl/bcd2driver.v Line: 1
Info (12127): Elaborating entity "top" for the top level hierarchy
Warning (10235): Verilog HDL Always Construct warning at top.v(61): variable "KEY_r" is read inside the Always Construct but isn't in the Always Construct's Event Control File: C:/Users/seangosiaco/Desktop/eec180b/lab6/hdl/top.v Line: 61
Warning (10235): Verilog HDL Always Construct warning at top.v(62): variable "SW_r" is read inside the Always Construct but isn't in the Always Construct's Event Control File: C:/Users/seangosiaco/Desktop/eec180b/lab6/hdl/top.v Line: 62
Warning (10235): Verilog HDL Always Construct warning at top.v(89): variable "KEY_r" is read inside the Always Construct but isn't in the Always Construct's Event Control File: C:/Users/seangosiaco/Desktop/eec180b/lab6/hdl/top.v Line: 89
Warning (10235): Verilog HDL Always Construct warning at top.v(94): variable "KEY_r" is read inside the Always Construct but isn't in the Always Construct's Event Control File: C:/Users/seangosiaco/Desktop/eec180b/lab6/hdl/top.v Line: 94
Warning (10235): Verilog HDL Always Construct warning at top.v(96): variable "gt99_bal" is read inside the Always Construct but isn't in the Always Construct's Event Control File: C:/Users/seangosiaco/Desktop/eec180b/lab6/hdl/top.v Line: 96
Warning (10235): Verilog HDL Always Construct warning at top.v(109): variable "KEY_r" is read inside the Always Construct but isn't in the Always Construct's Event Control File: C:/Users/seangosiaco/Desktop/eec180b/lab6/hdl/top.v Line: 109
Warning (10240): Verilog HDL Always Construct warning at top.v(54): inferring latch(es) for variable "error", which holds its previous value in one or more paths through the always construct File: C:/Users/seangosiaco/Desktop/eec180b/lab6/hdl/top.v Line: 54
Warning (10240): Verilog HDL Always Construct warning at top.v(54): inferring latch(es) for variable "full", which holds its previous value in one or more paths through the always construct File: C:/Users/seangosiaco/Desktop/eec180b/lab6/hdl/top.v Line: 54
Info (10041): Inferred latch for "full[0]" at top.v(109) File: C:/Users/seangosiaco/Desktop/eec180b/lab6/hdl/top.v Line: 109
Info (10041): Inferred latch for "full[1]" at top.v(109) File: C:/Users/seangosiaco/Desktop/eec180b/lab6/hdl/top.v Line: 109
Info (10041): Inferred latch for "full[2]" at top.v(109) File: C:/Users/seangosiaco/Desktop/eec180b/lab6/hdl/top.v Line: 109
Info (10041): Inferred latch for "full[3]" at top.v(109) File: C:/Users/seangosiaco/Desktop/eec180b/lab6/hdl/top.v Line: 109
Info (10041): Inferred latch for "full[4]" at top.v(109) File: C:/Users/seangosiaco/Desktop/eec180b/lab6/hdl/top.v Line: 109
Info (10041): Inferred latch for "error[0]" at top.v(109) File: C:/Users/seangosiaco/Desktop/eec180b/lab6/hdl/top.v Line: 109
Info (10041): Inferred latch for "error[1]" at top.v(109) File: C:/Users/seangosiaco/Desktop/eec180b/lab6/hdl/top.v Line: 109
Info (10041): Inferred latch for "error[2]" at top.v(109) File: C:/Users/seangosiaco/Desktop/eec180b/lab6/hdl/top.v Line: 109
Info (10041): Inferred latch for "error[3]" at top.v(109) File: C:/Users/seangosiaco/Desktop/eec180b/lab6/hdl/top.v Line: 109
Info (10041): Inferred latch for "error[4]" at top.v(109) File: C:/Users/seangosiaco/Desktop/eec180b/lab6/hdl/top.v Line: 109
Info (12128): Elaborating entity "bcd2driver" for hierarchy "bcd2driver:bal" File: C:/Users/seangosiaco/Desktop/eec180b/lab6/hdl/top.v Line: 124
Info (278001): Inferred 6 megafunctions from design logic
    Info (278004): Inferred divider/modulo megafunction ("lpm_divide") from the following logic: "bcd2driver:cur|Mod0" File: C:/Users/seangosiaco/Desktop/eec180b/lab6/hdl/bcd2driver.v Line: 36
    Info (278004): Inferred divider/modulo megafunction ("lpm_divide") from the following logic: "bcd2driver:cur|Div0" File: C:/Users/seangosiaco/Desktop/eec180b/lab6/hdl/bcd2driver.v Line: 73
    Info (278004): Inferred divider/modulo megafunction ("lpm_divide") from the following logic: "bcd2driver:cur|Mod1" File: C:/Users/seangosiaco/Desktop/eec180b/lab6/hdl/bcd2driver.v Line: 73
    Info (278004): Inferred divider/modulo megafunction ("lpm_divide") from the following logic: "bcd2driver:bal|Mod0" File: C:/Users/seangosiaco/Desktop/eec180b/lab6/hdl/bcd2driver.v Line: 36
    Info (278004): Inferred divider/modulo megafunction ("lpm_divide") from the following logic: "bcd2driver:bal|Div0" File: C:/Users/seangosiaco/Desktop/eec180b/lab6/hdl/bcd2driver.v Line: 73
    Info (278004): Inferred divider/modulo megafunction ("lpm_divide") from the following logic: "bcd2driver:bal|Mod1" File: C:/Users/seangosiaco/Desktop/eec180b/lab6/hdl/bcd2driver.v Line: 73
Info (12130): Elaborated megafunction instantiation "bcd2driver:cur|lpm_divide:Mod0" File: C:/Users/seangosiaco/Desktop/eec180b/lab6/hdl/bcd2driver.v Line: 36
Info (12133): Instantiated megafunction "bcd2driver:cur|lpm_divide:Mod0" with the following parameter: File: C:/Users/seangosiaco/Desktop/eec180b/lab6/hdl/bcd2driver.v Line: 36
    Info (12134): Parameter "LPM_WIDTHN" = "7"
    Info (12134): Parameter "LPM_WIDTHD" = "4"
    Info (12134): Parameter "LPM_NREPRESENTATION" = "UNSIGNED"
    Info (12134): Parameter "LPM_DREPRESENTATION" = "UNSIGNED"
Info (12021): Found 1 design units, including 1 entities, in source file db/lpm_divide_bkl.tdf
    Info (12023): Found entity 1: lpm_divide_bkl File: C:/Users/seangosiaco/Desktop/eec180b/lab6/synthesis/top/db/lpm_divide_bkl.tdf Line: 25
Info (12021): Found 1 design units, including 1 entities, in source file db/sign_div_unsign_akh.tdf
    Info (12023): Found entity 1: sign_div_unsign_akh File: C:/Users/seangosiaco/Desktop/eec180b/lab6/synthesis/top/db/sign_div_unsign_akh.tdf Line: 25
Info (12021): Found 1 design units, including 1 entities, in source file db/alt_u_div_uee.tdf
    Info (12023): Found entity 1: alt_u_div_uee File: C:/Users/seangosiaco/Desktop/eec180b/lab6/synthesis/top/db/alt_u_div_uee.tdf Line: 27
Info (12021): Found 1 design units, including 1 entities, in source file db/add_sub_t3c.tdf
    Info (12023): Found entity 1: add_sub_t3c File: C:/Users/seangosiaco/Desktop/eec180b/lab6/synthesis/top/db/add_sub_t3c.tdf Line: 23
Info (12021): Found 1 design units, including 1 entities, in source file db/add_sub_u3c.tdf
    Info (12023): Found entity 1: add_sub_u3c File: C:/Users/seangosiaco/Desktop/eec180b/lab6/synthesis/top/db/add_sub_u3c.tdf Line: 23
Info (12130): Elaborated megafunction instantiation "bcd2driver:cur|lpm_divide:Div0" File: C:/Users/seangosiaco/Desktop/eec180b/lab6/hdl/bcd2driver.v Line: 73
Info (12133): Instantiated megafunction "bcd2driver:cur|lpm_divide:Div0" with the following parameter: File: C:/Users/seangosiaco/Desktop/eec180b/lab6/hdl/bcd2driver.v Line: 73
    Info (12134): Parameter "LPM_WIDTHN" = "7"
    Info (12134): Parameter "LPM_WIDTHD" = "4"
    Info (12134): Parameter "LPM_NREPRESENTATION" = "UNSIGNED"
    Info (12134): Parameter "LPM_DREPRESENTATION" = "UNSIGNED"
Info (12021): Found 1 design units, including 1 entities, in source file db/lpm_divide_8sl.tdf
    Info (12023): Found entity 1: lpm_divide_8sl File: C:/Users/seangosiaco/Desktop/eec180b/lab6/synthesis/top/db/lpm_divide_8sl.tdf Line: 25
Warning (12241): 2 hierarchies have connectivity warnings - see the Connectivity Checks report folder
Warning (13024): Output pins are stuck at VCC or GND
    Warning (13410): Pin "HEX0[7]" is stuck at VCC File: C:/Users/seangosiaco/Desktop/eec180b/lab6/hdl/top.v Line: 5
    Warning (13410): Pin "HEX1[7]" is stuck at VCC File: C:/Users/seangosiaco/Desktop/eec180b/lab6/hdl/top.v Line: 6
    Warning (13410): Pin "HEX2[0]" is stuck at VCC File: C:/Users/seangosiaco/Desktop/eec180b/lab6/hdl/top.v Line: 7
    Warning (13410): Pin "HEX2[1]" is stuck at VCC File: C:/Users/seangosiaco/Desktop/eec180b/lab6/hdl/top.v Line: 7
    Warning (13410): Pin "HEX2[2]" is stuck at VCC File: C:/Users/seangosiaco/Desktop/eec180b/lab6/hdl/top.v Line: 7
    Warning (13410): Pin "HEX2[3]" is stuck at VCC File: C:/Users/seangosiaco/Desktop/eec180b/lab6/hdl/top.v Line: 7
    Warning (13410): Pin "HEX2[4]" is stuck at VCC File: C:/Users/seangosiaco/Desktop/eec180b/lab6/hdl/top.v Line: 7
    Warning (13410): Pin "HEX2[5]" is stuck at VCC File: C:/Users/seangosiaco/Desktop/eec180b/lab6/hdl/top.v Line: 7
    Warning (13410): Pin "HEX2[6]" is stuck at VCC File: C:/Users/seangosiaco/Desktop/eec180b/lab6/hdl/top.v Line: 7
    Warning (13410): Pin "HEX2[7]" is stuck at VCC File: C:/Users/seangosiaco/Desktop/eec180b/lab6/hdl/top.v Line: 7
    Warning (13410): Pin "HEX3[0]" is stuck at VCC File: C:/Users/seangosiaco/Desktop/eec180b/lab6/hdl/top.v Line: 8
    Warning (13410): Pin "HEX3[1]" is stuck at VCC File: C:/Users/seangosiaco/Desktop/eec180b/lab6/hdl/top.v Line: 8
    Warning (13410): Pin "HEX3[2]" is stuck at VCC File: C:/Users/seangosiaco/Desktop/eec180b/lab6/hdl/top.v Line: 8
    Warning (13410): Pin "HEX3[3]" is stuck at VCC File: C:/Users/seangosiaco/Desktop/eec180b/lab6/hdl/top.v Line: 8
    Warning (13410): Pin "HEX3[4]" is stuck at VCC File: C:/Users/seangosiaco/Desktop/eec180b/lab6/hdl/top.v Line: 8
    Warning (13410): Pin "HEX3[5]" is stuck at VCC File: C:/Users/seangosiaco/Desktop/eec180b/lab6/hdl/top.v Line: 8
    Warning (13410): Pin "HEX3[6]" is stuck at VCC File: C:/Users/seangosiaco/Desktop/eec180b/lab6/hdl/top.v Line: 8
    Warning (13410): Pin "HEX3[7]" is stuck at VCC File: C:/Users/seangosiaco/Desktop/eec180b/lab6/hdl/top.v Line: 8
    Warning (13410): Pin "HEX4[7]" is stuck at VCC File: C:/Users/seangosiaco/Desktop/eec180b/lab6/hdl/top.v Line: 9
    Warning (13410): Pin "HEX5[7]" is stuck at VCC File: C:/Users/seangosiaco/Desktop/eec180b/lab6/hdl/top.v Line: 10
Info (286030): Timing-Driven Synthesis is running
Info (17049): 2 registers lost all their fanouts during netlist optimizations.
Info (17016): Found the following redundant logic cells in design
    Info (17048): Logic cell "bcd2driver:cur|lpm_divide:Mod1|lpm_divide_bkl:auto_generated|sign_div_unsign_akh:divider|alt_u_div_uee:divider|add_sub_6_result_int[0]~0" File: C:/Users/seangosiaco/Desktop/eec180b/lab6/synthesis/top/db/alt_u_div_uee.tdf Line: 57
    Info (17048): Logic cell "bcd2driver:bal|lpm_divide:Mod1|lpm_divide_bkl:auto_generated|sign_div_unsign_akh:divider|alt_u_div_uee:divider|add_sub_6_result_int[0]~0" File: C:/Users/seangosiaco/Desktop/eec180b/lab6/synthesis/top/db/alt_u_div_uee.tdf Line: 57
Info (144001): Generated suppressed messages file C:/Users/seangosiaco/Desktop/eec180b/lab6/synthesis/top/top.map.smsg
Info (16010): Generating hard_block partition "hard_block:auto_generated_inst"
    Info (16011): Adding 0 node(s), including 0 DDIO, 0 PLL, 0 transceiver and 0 LCELL
Warning (21074): Design contains 6 input pin(s) that do not drive logic
    Warning (15610): No output dependent on input pin "SW[4]" File: C:/Users/seangosiaco/Desktop/eec180b/lab6/hdl/top.v Line: 20
    Warning (15610): No output dependent on input pin "SW[5]" File: C:/Users/seangosiaco/Desktop/eec180b/lab6/hdl/top.v Line: 20
    Warning (15610): No output dependent on input pin "SW[6]" File: C:/Users/seangosiaco/Desktop/eec180b/lab6/hdl/top.v Line: 20
    Warning (15610): No output dependent on input pin "SW[7]" File: C:/Users/seangosiaco/Desktop/eec180b/lab6/hdl/top.v Line: 20
    Warning (15610): No output dependent on input pin "SW[8]" File: C:/Users/seangosiaco/Desktop/eec180b/lab6/hdl/top.v Line: 20
    Warning (15610): No output dependent on input pin "SW[9]" File: C:/Users/seangosiaco/Desktop/eec180b/lab6/hdl/top.v Line: 20
Info (21057): Implemented 407 device resources after synthesis - the final resource count might be different
    Info (21058): Implemented 13 input pins
    Info (21059): Implemented 58 output pins
    Info (21061): Implemented 336 logic cells
Info: Quartus Prime Analysis & Synthesis was successful. 0 errors, 38 warnings
    Info: Peak virtual memory: 638 megabytes
    Info: Processing ended: Wed May 16 19:59:06 2018
    Info: Elapsed time: 00:00:18
    Info: Total CPU time (on all processors): 00:00:37


+------------------------------------------+
; Analysis & Synthesis Suppressed Messages ;
+------------------------------------------+
The suppressed messages can be found in C:/Users/seangosiaco/Desktop/eec180b/lab6/synthesis/top/top.map.smsg.


