Analysis & Synthesis report for bcd2driverTOP
Wed May 16 16:10:59 2018
Quartus Prime Version 16.1.0 Build 196 10/24/2016 SJ Lite Edition


---------------------
; Table of Contents ;
---------------------
  1. Legal Notice
  2. Analysis & Synthesis Summary
  3. Analysis & Synthesis Settings
  4. Parallel Compilation
  5. Analysis & Synthesis Source Files Read
  6. Analysis & Synthesis Resource Usage Summary
  7. Analysis & Synthesis Resource Utilization by Entity
  8. General Register Statistics
  9. Parameter Settings for User Entity Instance: bcd2driver:bcd2driver
 10. Parameter Settings for Inferred Entity Instance: bcd2driver:bcd2driver|lpm_divide:Mod0
 11. Parameter Settings for Inferred Entity Instance: bcd2driver:bcd2driver|lpm_divide:Div0
 12. Parameter Settings for Inferred Entity Instance: bcd2driver:bcd2driver|lpm_divide:Mod1
 13. Port Connectivity Checks: "bcd2driver:bcd2driver"
 14. Post-Synthesis Netlist Statistics for Top Partition
 15. Elapsed Time Per Partition
 16. Analysis & Synthesis Messages



----------------
; Legal Notice ;
----------------
Copyright (C) 2016  Intel Corporation. All rights reserved.
Your use of Intel Corporation's design tools, logic functions 
and other software and tools, and its AMPP partner logic 
functions, and any output files from any of the foregoing 
(including device programming or simulation files), and any 
associated documentation or information are expressly subject 
to the terms and conditions of the Intel Program License 
Subscription Agreement, the Intel Quartus Prime License Agreement,
the Intel MegaCore Function License Agreement, or other 
applicable license agreement, including, without limitation, 
that your use is for the sole purpose of programming logic 
devices manufactured by Intel and sold by Intel or its 
authorized distributors.  Please refer to the applicable 
agreement for further details.



+----------------------------------------------------------------------------------+
; Analysis & Synthesis Summary                                                     ;
+------------------------------------+---------------------------------------------+
; Analysis & Synthesis Status        ; Successful - Wed May 16 16:10:59 2018       ;
; Quartus Prime Version              ; 16.1.0 Build 196 10/24/2016 SJ Lite Edition ;
; Revision Name                      ; bcd2driverTOP                               ;
; Top-level Entity Name              ; bcd2driverTOP                               ;
; Family                             ; MAX 10                                      ;
; Total logic elements               ; 129                                         ;
;     Total combinational functions  ; 129                                         ;
;     Dedicated logic registers      ; 0                                           ;
; Total registers                    ; 0                                           ;
; Total pins                         ; 71                                          ;
; Total virtual pins                 ; 0                                           ;
; Total memory bits                  ; 0                                           ;
; Embedded Multiplier 9-bit elements ; 0                                           ;
; Total PLLs                         ; 0                                           ;
; UFM blocks                         ; 0                                           ;
; ADC blocks                         ; 0                                           ;
+------------------------------------+---------------------------------------------+


+----------------------------------------------------------------------------------------------------------------------+
; Analysis & Synthesis Settings                                                                                        ;
+----------------------------------------------------------------------------+--------------------+--------------------+
; Option                                                                     ; Setting            ; Default Value      ;
+----------------------------------------------------------------------------+--------------------+--------------------+
; Device                                                                     ; 10M50DAF484C7G     ;                    ;
; Top-level entity name                                                      ; bcd2driverTOP      ; bcd2driverTOP      ;
; Family name                                                                ; MAX 10 FPGA        ; Cyclone V          ;
; Use smart compilation                                                      ; Off                ; Off                ;
; Enable parallel Assembler and TimeQuest Timing Analyzer during compilation ; On                 ; On                 ;
; Enable compact report table                                                ; Off                ; Off                ;
; Restructure Multiplexers                                                   ; Auto               ; Auto               ;
; Create Debugging Nodes for IP Cores                                        ; Off                ; Off                ;
; Preserve fewer node names                                                  ; On                 ; On                 ;
; OpenCore Plus hardware evaluation                                          ; Enable             ; Enable             ;
; Verilog Version                                                            ; Verilog_2001       ; Verilog_2001       ;
; VHDL Version                                                               ; VHDL_1993          ; VHDL_1993          ;
; State Machine Processing                                                   ; Auto               ; Auto               ;
; Safe State Machine                                                         ; Off                ; Off                ;
; Extract Verilog State Machines                                             ; On                 ; On                 ;
; Extract VHDL State Machines                                                ; On                 ; On                 ;
; Ignore Verilog initial constructs                                          ; Off                ; Off                ;
; Iteration limit for constant Verilog loops                                 ; 5000               ; 5000               ;
; Iteration limit for non-constant Verilog loops                             ; 250                ; 250                ;
; Add Pass-Through Logic to Inferred RAMs                                    ; On                 ; On                 ;
; Infer RAMs from Raw Logic                                                  ; On                 ; On                 ;
; Parallel Synthesis                                                         ; On                 ; On                 ;
; DSP Block Balancing                                                        ; Auto               ; Auto               ;
; NOT Gate Push-Back                                                         ; On                 ; On                 ;
; Power-Up Don't Care                                                        ; On                 ; On                 ;
; Remove Redundant Logic Cells                                               ; Off                ; Off                ;
; Remove Duplicate Registers                                                 ; On                 ; On                 ;
; Ignore CARRY Buffers                                                       ; Off                ; Off                ;
; Ignore CASCADE Buffers                                                     ; Off                ; Off                ;
; Ignore GLOBAL Buffers                                                      ; Off                ; Off                ;
; Ignore ROW GLOBAL Buffers                                                  ; Off                ; Off                ;
; Ignore LCELL Buffers                                                       ; Off                ; Off                ;
; Ignore SOFT Buffers                                                        ; On                 ; On                 ;
; Limit AHDL Integers to 32 Bits                                             ; Off                ; Off                ;
; Optimization Technique                                                     ; Balanced           ; Balanced           ;
; Carry Chain Length                                                         ; 70                 ; 70                 ;
; Auto Carry Chains                                                          ; On                 ; On                 ;
; Auto Open-Drain Pins                                                       ; On                 ; On                 ;
; Perform WYSIWYG Primitive Resynthesis                                      ; Off                ; Off                ;
; Auto ROM Replacement                                                       ; On                 ; On                 ;
; Auto RAM Replacement                                                       ; On                 ; On                 ;
; Auto DSP Block Replacement                                                 ; On                 ; On                 ;
; Auto Shift Register Replacement                                            ; Auto               ; Auto               ;
; Allow Shift Register Merging across Hierarchies                            ; Auto               ; Auto               ;
; Auto Clock Enable Replacement                                              ; On                 ; On                 ;
; Strict RAM Replacement                                                     ; Off                ; Off                ;
; Allow Synchronous Control Signals                                          ; On                 ; On                 ;
; Force Use of Synchronous Clear Signals                                     ; Off                ; Off                ;
; Auto RAM Block Balancing                                                   ; On                 ; On                 ;
; Auto RAM to Logic Cell Conversion                                          ; Off                ; Off                ;
; Auto Resource Sharing                                                      ; Off                ; Off                ;
; Allow Any RAM Size For Recognition                                         ; Off                ; Off                ;
; Allow Any ROM Size For Recognition                                         ; Off                ; Off                ;
; Allow Any Shift Register Size For Recognition                              ; Off                ; Off                ;
; Use LogicLock Constraints during Resource Balancing                        ; On                 ; On                 ;
; Ignore translate_off and synthesis_off directives                          ; Off                ; Off                ;
; Timing-Driven Synthesis                                                    ; On                 ; On                 ;
; Report Parameter Settings                                                  ; On                 ; On                 ;
; Report Source Assignments                                                  ; On                 ; On                 ;
; Report Connectivity Checks                                                 ; On                 ; On                 ;
; Ignore Maximum Fan-Out Assignments                                         ; Off                ; Off                ;
; Synchronization Register Chain Length                                      ; 2                  ; 2                  ;
; PowerPlay Power Optimization During Synthesis                              ; Normal compilation ; Normal compilation ;
; HDL message level                                                          ; Level2             ; Level2             ;
; Suppress Register Optimization Related Messages                            ; Off                ; Off                ;
; Number of Removed Registers Reported in Synthesis Report                   ; 5000               ; 5000               ;
; Number of Swept Nodes Reported in Synthesis Report                         ; 5000               ; 5000               ;
; Number of Inverted Registers Reported in Synthesis Report                  ; 100                ; 100                ;
; Clock MUX Protection                                                       ; On                 ; On                 ;
; Auto Gated Clock Conversion                                                ; Off                ; Off                ;
; Block Design Naming                                                        ; Auto               ; Auto               ;
; SDC constraint protection                                                  ; Off                ; Off                ;
; Synthesis Effort                                                           ; Auto               ; Auto               ;
; Shift Register Replacement - Allow Asynchronous Clear Signal               ; On                 ; On                 ;
; Pre-Mapping Resynthesis Optimization                                       ; Off                ; Off                ;
; Analysis & Synthesis Message Level                                         ; Medium             ; Medium             ;
; Disable Register Merging Across Hierarchies                                ; Auto               ; Auto               ;
; Resource Aware Inference For Block RAM                                     ; On                 ; On                 ;
+----------------------------------------------------------------------------+--------------------+--------------------+


+------------------------------------------+
; Parallel Compilation                     ;
+----------------------------+-------------+
; Processors                 ; Number      ;
+----------------------------+-------------+
; Number detected on machine ; 4           ;
; Maximum allowed            ; 2           ;
;                            ;             ;
; Average used               ; 1.00        ;
; Maximum used               ; 1           ;
;                            ;             ;
; Usage by Processor         ; % Time Used ;
;     Processor 1            ; 100.0%      ;
+----------------------------+-------------+


+--------------------------------------------------------------------------------------------------------------------------------------------------------------------------------------------+
; Analysis & Synthesis Source Files Read                                                                                                                                                     ;
+----------------------------------+-----------------+------------------------------+----------------------------------------------------------------------------------------------+---------+
; File Name with User-Entered Path ; Used in Netlist ; File Type                    ; File Name with Absolute Path                                                                 ; Library ;
+----------------------------------+-----------------+------------------------------+----------------------------------------------------------------------------------------------+---------+
; ../../hdl/bcd2driver.v           ; yes             ; User Verilog HDL File        ; C:/Users/seangosiaco/Desktop/eec180b/lab6/hdl/bcd2driver.v                                   ;         ;
; bcd2driverTOP.v                  ; yes             ; User Verilog HDL File        ; C:/Users/seangosiaco/Desktop/eec180b/lab6/synthesis/bcd2driverTOP/bcd2driverTOP.v            ;         ;
; lpm_divide.tdf                   ; yes             ; Megafunction                 ; c:/intelfpga_lite/16.1/quartus/libraries/megafunctions/lpm_divide.tdf                        ;         ;
; abs_divider.inc                  ; yes             ; Megafunction                 ; c:/intelfpga_lite/16.1/quartus/libraries/megafunctions/abs_divider.inc                       ;         ;
; sign_div_unsign.inc              ; yes             ; Megafunction                 ; c:/intelfpga_lite/16.1/quartus/libraries/megafunctions/sign_div_unsign.inc                   ;         ;
; aglobal161.inc                   ; yes             ; Megafunction                 ; c:/intelfpga_lite/16.1/quartus/libraries/megafunctions/aglobal161.inc                        ;         ;
; db/lpm_divide_bkl.tdf            ; yes             ; Auto-Generated Megafunction  ; C:/Users/seangosiaco/Desktop/eec180b/lab6/synthesis/bcd2driverTOP/db/lpm_divide_bkl.tdf      ;         ;
; db/sign_div_unsign_akh.tdf       ; yes             ; Auto-Generated Megafunction  ; C:/Users/seangosiaco/Desktop/eec180b/lab6/synthesis/bcd2driverTOP/db/sign_div_unsign_akh.tdf ;         ;
; db/alt_u_div_uee.tdf             ; yes             ; Auto-Generated Megafunction  ; C:/Users/seangosiaco/Desktop/eec180b/lab6/synthesis/bcd2driverTOP/db/alt_u_div_uee.tdf       ;         ;
; db/add_sub_t3c.tdf               ; yes             ; Auto-Generated Megafunction  ; C:/Users/seangosiaco/Desktop/eec180b/lab6/synthesis/bcd2driverTOP/db/add_sub_t3c.tdf         ;         ;
; db/add_sub_u3c.tdf               ; yes             ; Auto-Generated Megafunction  ; C:/Users/seangosiaco/Desktop/eec180b/lab6/synthesis/bcd2driverTOP/db/add_sub_u3c.tdf         ;         ;
; db/lpm_divide_8sl.tdf            ; yes             ; Auto-Generated Megafunction  ; C:/Users/seangosiaco/Desktop/eec180b/lab6/synthesis/bcd2driverTOP/db/lpm_divide_8sl.tdf      ;         ;
+----------------------------------+-----------------+------------------------------+----------------------------------------------------------------------------------------------+---------+


+-----------------------------------------------------------+
; Analysis & Synthesis Resource Usage Summary               ;
+---------------------------------------------+-------------+
; Resource                                    ; Usage       ;
+---------------------------------------------+-------------+
; Estimated Total logic elements              ; 129         ;
;                                             ;             ;
; Total combinational functions               ; 129         ;
; Logic element usage by number of LUT inputs ;             ;
;     -- 4 input functions                    ; 25          ;
;     -- 3 input functions                    ; 43          ;
;     -- <=2 input functions                  ; 61          ;
;                                             ;             ;
; Logic elements by mode                      ;             ;
;     -- normal mode                          ; 95          ;
;     -- arithmetic mode                      ; 34          ;
;                                             ;             ;
; Total registers                             ; 0           ;
;     -- Dedicated logic registers            ; 0           ;
;     -- I/O registers                        ; 0           ;
;                                             ;             ;
; I/O pins                                    ; 71          ;
;                                             ;             ;
; Embedded Multiplier 9-bit elements          ; 0           ;
;                                             ;             ;
; Maximum fan-out node                        ; SW[6]~input ;
; Maximum fan-out                             ; 19          ;
; Total fan-out                               ; 417         ;
; Average fan-out                             ; 1.54        ;
+---------------------------------------------+-------------+


+----------------------------------------------------------------------------------------------------------------------------------------------------------------------------------------------------------------------------------------------------------------------------------------------------------------------------------------------------------------------------+
; Analysis & Synthesis Resource Utilization by Entity                                                                                                                                                                                                                                                                                                                        ;
+-------------------------------------------+---------------------+---------------------------+-------------+------------+--------------+---------+-----------+------+--------------+------------+--------------------------------------------------------------------------------------------------------------------------------------+---------------------+--------------+
; Compilation Hierarchy Node                ; Combinational ALUTs ; Dedicated Logic Registers ; Memory Bits ; UFM Blocks ; DSP Elements ; DSP 9x9 ; DSP 18x18 ; Pins ; Virtual Pins ; ADC blocks ; Full Hierarchy Name                                                                                                                  ; Entity Name         ; Library Name ;
+-------------------------------------------+---------------------+---------------------------+-------------+------------+--------------+---------+-----------+------+--------------+------------+--------------------------------------------------------------------------------------------------------------------------------------+---------------------+--------------+
; |bcd2driverTOP                            ; 129 (0)             ; 0 (0)                     ; 0           ; 0          ; 0            ; 0       ; 0         ; 71   ; 0            ; 0          ; |bcd2driverTOP                                                                                                                       ; bcd2driverTOP       ; work         ;
;    |bcd2driver:bcd2driver|                ; 129 (30)            ; 0 (0)                     ; 0           ; 0          ; 0            ; 0       ; 0         ; 0    ; 0            ; 0          ; |bcd2driverTOP|bcd2driver:bcd2driver                                                                                                 ; bcd2driver          ; work         ;
;       |lpm_divide:Div0|                   ; 43 (0)              ; 0 (0)                     ; 0           ; 0          ; 0            ; 0       ; 0         ; 0    ; 0            ; 0          ; |bcd2driverTOP|bcd2driver:bcd2driver|lpm_divide:Div0                                                                                 ; lpm_divide          ; work         ;
;          |lpm_divide_8sl:auto_generated|  ; 43 (0)              ; 0 (0)                     ; 0           ; 0          ; 0            ; 0       ; 0         ; 0    ; 0            ; 0          ; |bcd2driverTOP|bcd2driver:bcd2driver|lpm_divide:Div0|lpm_divide_8sl:auto_generated                                                   ; lpm_divide_8sl      ; work         ;
;             |sign_div_unsign_akh:divider| ; 43 (0)              ; 0 (0)                     ; 0           ; 0          ; 0            ; 0       ; 0         ; 0    ; 0            ; 0          ; |bcd2driverTOP|bcd2driver:bcd2driver|lpm_divide:Div0|lpm_divide_8sl:auto_generated|sign_div_unsign_akh:divider                       ; sign_div_unsign_akh ; work         ;
;                |alt_u_div_uee:divider|    ; 43 (43)             ; 0 (0)                     ; 0           ; 0          ; 0            ; 0       ; 0         ; 0    ; 0            ; 0          ; |bcd2driverTOP|bcd2driver:bcd2driver|lpm_divide:Div0|lpm_divide_8sl:auto_generated|sign_div_unsign_akh:divider|alt_u_div_uee:divider ; alt_u_div_uee       ; work         ;
;       |lpm_divide:Mod0|                   ; 46 (0)              ; 0 (0)                     ; 0           ; 0          ; 0            ; 0       ; 0         ; 0    ; 0            ; 0          ; |bcd2driverTOP|bcd2driver:bcd2driver|lpm_divide:Mod0                                                                                 ; lpm_divide          ; work         ;
;          |lpm_divide_bkl:auto_generated|  ; 46 (0)              ; 0 (0)                     ; 0           ; 0          ; 0            ; 0       ; 0         ; 0    ; 0            ; 0          ; |bcd2driverTOP|bcd2driver:bcd2driver|lpm_divide:Mod0|lpm_divide_bkl:auto_generated                                                   ; lpm_divide_bkl      ; work         ;
;             |sign_div_unsign_akh:divider| ; 46 (0)              ; 0 (0)                     ; 0           ; 0          ; 0            ; 0       ; 0         ; 0    ; 0            ; 0          ; |bcd2driverTOP|bcd2driver:bcd2driver|lpm_divide:Mod0|lpm_divide_bkl:auto_generated|sign_div_unsign_akh:divider                       ; sign_div_unsign_akh ; work         ;
;                |alt_u_div_uee:divider|    ; 46 (46)             ; 0 (0)                     ; 0           ; 0          ; 0            ; 0       ; 0         ; 0    ; 0            ; 0          ; |bcd2driverTOP|bcd2driver:bcd2driver|lpm_divide:Mod0|lpm_divide_bkl:auto_generated|sign_div_unsign_akh:divider|alt_u_div_uee:divider ; alt_u_div_uee       ; work         ;
;       |lpm_divide:Mod1|                   ; 10 (0)              ; 0 (0)                     ; 0           ; 0          ; 0            ; 0       ; 0         ; 0    ; 0            ; 0          ; |bcd2driverTOP|bcd2driver:bcd2driver|lpm_divide:Mod1                                                                                 ; lpm_divide          ; work         ;
;          |lpm_divide_bkl:auto_generated|  ; 10 (0)              ; 0 (0)                     ; 0           ; 0          ; 0            ; 0       ; 0         ; 0    ; 0            ; 0          ; |bcd2driverTOP|bcd2driver:bcd2driver|lpm_divide:Mod1|lpm_divide_bkl:auto_generated                                                   ; lpm_divide_bkl      ; work         ;
;             |sign_div_unsign_akh:divider| ; 10 (0)              ; 0 (0)                     ; 0           ; 0          ; 0            ; 0       ; 0         ; 0    ; 0            ; 0          ; |bcd2driverTOP|bcd2driver:bcd2driver|lpm_divide:Mod1|lpm_divide_bkl:auto_generated|sign_div_unsign_akh:divider                       ; sign_div_unsign_akh ; work         ;
;                |alt_u_div_uee:divider|    ; 10 (10)             ; 0 (0)                     ; 0           ; 0          ; 0            ; 0       ; 0         ; 0    ; 0            ; 0          ; |bcd2driverTOP|bcd2driver:bcd2driver|lpm_divide:Mod1|lpm_divide_bkl:auto_generated|sign_div_unsign_akh:divider|alt_u_div_uee:divider ; alt_u_div_uee       ; work         ;
+-------------------------------------------+---------------------+---------------------------+-------------+------------+--------------+---------+-----------+------+--------------+------------+--------------------------------------------------------------------------------------------------------------------------------------+---------------------+--------------+
Note: For table entries with two numbers listed, the numbers in parentheses indicate the number of resources of the given type used by the specific entity alone. The numbers listed outside of parentheses indicate the total resources of the given type used by the specific entity and all of its sub-entities in the hierarchy.


+------------------------------------------------------+
; General Register Statistics                          ;
+----------------------------------------------+-------+
; Statistic                                    ; Value ;
+----------------------------------------------+-------+
; Total registers                              ; 0     ;
; Number of registers using Synchronous Clear  ; 0     ;
; Number of registers using Synchronous Load   ; 0     ;
; Number of registers using Asynchronous Clear ; 0     ;
; Number of registers using Asynchronous Load  ; 0     ;
; Number of registers using Clock Enable       ; 0     ;
; Number of registers using Preset             ; 0     ;
+----------------------------------------------+-------+


+--------------------------------------------------------------------+
; Parameter Settings for User Entity Instance: bcd2driver:bcd2driver ;
+----------------+---------+-----------------------------------------+
; Parameter Name ; Value   ; Type                                    ;
+----------------+---------+-----------------------------------------+
; ZERO           ; 1000000 ; Unsigned Binary                         ;
; ONE            ; 1111001 ; Unsigned Binary                         ;
; TWO            ; 0100100 ; Unsigned Binary                         ;
; THREE          ; 0110000 ; Unsigned Binary                         ;
; FOUR           ; 0011001 ; Unsigned Binary                         ;
; FIVE           ; 0010010 ; Unsigned Binary                         ;
; SIX            ; 0000010 ; Unsigned Binary                         ;
; SEVEN          ; 1111000 ; Unsigned Binary                         ;
; EIGHT          ; 0000000 ; Unsigned Binary                         ;
; NINE           ; 0011000 ; Unsigned Binary                         ;
; DASH           ; 0111111 ; Unsigned Binary                         ;
+----------------+---------+-----------------------------------------+
Note: In order to hide this table in the UI and the text report file, please set the "Show Parameter Settings in Synthesis Report" option in "Analysis and Synthesis Settings -> More Settings" to "Off".


+----------------------------------------------------------------------------------------+
; Parameter Settings for Inferred Entity Instance: bcd2driver:bcd2driver|lpm_divide:Mod0 ;
+------------------------+----------------+----------------------------------------------+
; Parameter Name         ; Value          ; Type                                         ;
+------------------------+----------------+----------------------------------------------+
; LPM_WIDTHN             ; 7              ; Untyped                                      ;
; LPM_WIDTHD             ; 4              ; Untyped                                      ;
; LPM_NREPRESENTATION    ; UNSIGNED       ; Untyped                                      ;
; LPM_DREPRESENTATION    ; UNSIGNED       ; Untyped                                      ;
; LPM_PIPELINE           ; 0              ; Untyped                                      ;
; LPM_REMAINDERPOSITIVE  ; TRUE           ; Untyped                                      ;
; MAXIMIZE_SPEED         ; 5              ; Untyped                                      ;
; CBXI_PARAMETER         ; lpm_divide_bkl ; Untyped                                      ;
; CARRY_CHAIN            ; MANUAL         ; Untyped                                      ;
; OPTIMIZE_FOR_SPEED     ; 5              ; Untyped                                      ;
; AUTO_CARRY_CHAINS      ; ON             ; AUTO_CARRY                                   ;
; IGNORE_CARRY_BUFFERS   ; OFF            ; IGNORE_CARRY                                 ;
; AUTO_CASCADE_CHAINS    ; ON             ; AUTO_CASCADE                                 ;
; IGNORE_CASCADE_BUFFERS ; OFF            ; IGNORE_CASCADE                               ;
+------------------------+----------------+----------------------------------------------+
Note: In order to hide this table in the UI and the text report file, please set the "Show Parameter Settings in Synthesis Report" option in "Analysis and Synthesis Settings -> More Settings" to "Off".


+----------------------------------------------------------------------------------------+
; Parameter Settings for Inferred Entity Instance: bcd2driver:bcd2driver|lpm_divide:Div0 ;
+------------------------+----------------+----------------------------------------------+
; Parameter Name         ; Value          ; Type                                         ;
+------------------------+----------------+----------------------------------------------+
; LPM_WIDTHN             ; 7              ; Untyped                                      ;
; LPM_WIDTHD             ; 4              ; Untyped                                      ;
; LPM_NREPRESENTATION    ; UNSIGNED       ; Untyped                                      ;
; LPM_DREPRESENTATION    ; UNSIGNED       ; Untyped                                      ;
; LPM_PIPELINE           ; 0              ; Untyped                                      ;
; LPM_REMAINDERPOSITIVE  ; TRUE           ; Untyped                                      ;
; MAXIMIZE_SPEED         ; 5              ; Untyped                                      ;
; CBXI_PARAMETER         ; lpm_divide_8sl ; Untyped                                      ;
; CARRY_CHAIN            ; MANUAL         ; Untyped                                      ;
; OPTIMIZE_FOR_SPEED     ; 5              ; Untyped                                      ;
; AUTO_CARRY_CHAINS      ; ON             ; AUTO_CARRY                                   ;
; IGNORE_CARRY_BUFFERS   ; OFF            ; IGNORE_CARRY                                 ;
; AUTO_CASCADE_CHAINS    ; ON             ; AUTO_CASCADE                                 ;
; IGNORE_CASCADE_BUFFERS ; OFF            ; IGNORE_CASCADE                               ;
+------------------------+----------------+----------------------------------------------+
Note: In order to hide this table in the UI and the text report file, please set the "Show Parameter Settings in Synthesis Report" option in "Analysis and Synthesis Settings -> More Settings" to "Off".


+----------------------------------------------------------------------------------------+
; Parameter Settings for Inferred Entity Instance: bcd2driver:bcd2driver|lpm_divide:Mod1 ;
+------------------------+----------------+----------------------------------------------+
; Parameter Name         ; Value          ; Type                                         ;
+------------------------+----------------+----------------------------------------------+
; LPM_WIDTHN             ; 7              ; Untyped                                      ;
; LPM_WIDTHD             ; 4              ; Untyped                                      ;
; LPM_NREPRESENTATION    ; UNSIGNED       ; Untyped                                      ;
; LPM_DREPRESENTATION    ; UNSIGNED       ; Untyped                                      ;
; LPM_PIPELINE           ; 0              ; Untyped                                      ;
; LPM_REMAINDERPOSITIVE  ; TRUE           ; Untyped                                      ;
; MAXIMIZE_SPEED         ; 5              ; Untyped                                      ;
; CBXI_PARAMETER         ; lpm_divide_bkl ; Untyped                                      ;
; CARRY_CHAIN            ; MANUAL         ; Untyped                                      ;
; OPTIMIZE_FOR_SPEED     ; 5              ; Untyped                                      ;
; AUTO_CARRY_CHAINS      ; ON             ; AUTO_CARRY                                   ;
; IGNORE_CARRY_BUFFERS   ; OFF            ; IGNORE_CARRY                                 ;
; AUTO_CASCADE_CHAINS    ; ON             ; AUTO_CASCADE                                 ;
; IGNORE_CASCADE_BUFFERS ; OFF            ; IGNORE_CASCADE                               ;
+------------------------+----------------+----------------------------------------------+
Note: In order to hide this table in the UI and the text report file, please set the "Show Parameter Settings in Synthesis Report" option in "Analysis and Synthesis Settings -> More Settings" to "Off".


+--------------------------------------------------------------------------------------------------------------------------------------------------------------------------------------------------+
; Port Connectivity Checks: "bcd2driver:bcd2driver"                                                                                                                                                ;
+------+--------+----------+-----------------------------------------------------------------------------------------------------------------------------------------------------------------------+
; Port ; Type   ; Severity ; Details                                                                                                                                                               ;
+------+--------+----------+-----------------------------------------------------------------------------------------------------------------------------------------------------------------------+
; out0 ; Output ; Warning  ; Output or bidir port (7 bits) is smaller than the port expression (8 bits) it drives.  The 1 most-significant bit(s) in the port expression will be connected to GND. ;
; out1 ; Output ; Warning  ; Output or bidir port (7 bits) is smaller than the port expression (8 bits) it drives.  The 1 most-significant bit(s) in the port expression will be connected to GND. ;
+------+--------+----------+-----------------------------------------------------------------------------------------------------------------------------------------------------------------------+


+-----------------------------------------------------+
; Post-Synthesis Netlist Statistics for Top Partition ;
+-----------------------+-----------------------------+
; Type                  ; Count                       ;
+-----------------------+-----------------------------+
; boundary_port         ; 71                          ;
; cycloneiii_lcell_comb ; 133                         ;
;     arith             ; 34                          ;
;         1 data inputs ; 1                           ;
;         2 data inputs ; 9                           ;
;         3 data inputs ; 24                          ;
;     normal            ; 99                          ;
;         0 data inputs ; 11                          ;
;         1 data inputs ; 3                           ;
;         2 data inputs ; 41                          ;
;         3 data inputs ; 19                          ;
;         4 data inputs ; 25                          ;
;                       ;                             ;
; Max LUT depth         ; 13.50                       ;
; Average LUT depth     ; 12.24                       ;
+-----------------------+-----------------------------+


+-------------------------------+
; Elapsed Time Per Partition    ;
+----------------+--------------+
; Partition Name ; Elapsed Time ;
+----------------+--------------+
; Top            ; 00:00:01     ;
+----------------+--------------+


+-------------------------------+
; Analysis & Synthesis Messages ;
+-------------------------------+
Info: *******************************************************************
Info: Running Quartus Prime Analysis & Synthesis
    Info: Version 16.1.0 Build 196 10/24/2016 SJ Lite Edition
    Info: Processing started: Wed May 16 16:10:43 2018
Info: Command: quartus_map --read_settings_files=on --write_settings_files=off bcd2driverTOP -c bcd2driverTOP
Warning (18236): Number of processors has not been specified which may cause overloading on shared machines.  Set the global assignment NUM_PARALLEL_PROCESSORS in your QSF to an appropriate value for best performance.
Info (20030): Parallel compilation is enabled and will use 2 of the 2 processors detected
Info (12021): Found 1 design units, including 1 entities, in source file /users/seangosiaco/desktop/eec180b/lab6/hdl/bcd2driver.v
    Info (12023): Found entity 1: bcd2driver File: C:/Users/seangosiaco/Desktop/eec180b/lab6/hdl/bcd2driver.v Line: 1
Info (12021): Found 1 design units, including 1 entities, in source file bcd2drivertop.v
    Info (12023): Found entity 1: bcd2driverTOP File: C:/Users/seangosiaco/Desktop/eec180b/lab6/synthesis/bcd2driverTOP/bcd2driverTOP.v Line: 6
Info (12127): Elaborating entity "bcd2driverTOP" for the top level hierarchy
Warning (10034): Output port "LEDR[9..1]" at bcd2driverTOP.v(22) has no driver File: C:/Users/seangosiaco/Desktop/eec180b/lab6/synthesis/bcd2driverTOP/bcd2driverTOP.v Line: 22
Info (12128): Elaborating entity "bcd2driver" for hierarchy "bcd2driver:bcd2driver" File: C:/Users/seangosiaco/Desktop/eec180b/lab6/synthesis/bcd2driverTOP/bcd2driverTOP.v Line: 39
Info (278001): Inferred 3 megafunctions from design logic
    Info (278004): Inferred divider/modulo megafunction ("lpm_divide") from the following logic: "bcd2driver:bcd2driver|Mod0" File: C:/Users/seangosiaco/Desktop/eec180b/lab6/hdl/bcd2driver.v Line: 36
    Info (278004): Inferred divider/modulo megafunction ("lpm_divide") from the following logic: "bcd2driver:bcd2driver|Div0" File: C:/Users/seangosiaco/Desktop/eec180b/lab6/hdl/bcd2driver.v Line: 73
    Info (278004): Inferred divider/modulo megafunction ("lpm_divide") from the following logic: "bcd2driver:bcd2driver|Mod1" File: C:/Users/seangosiaco/Desktop/eec180b/lab6/hdl/bcd2driver.v Line: 73
Info (12130): Elaborated megafunction instantiation "bcd2driver:bcd2driver|lpm_divide:Mod0" File: C:/Users/seangosiaco/Desktop/eec180b/lab6/hdl/bcd2driver.v Line: 36
Info (12133): Instantiated megafunction "bcd2driver:bcd2driver|lpm_divide:Mod0" with the following parameter: File: C:/Users/seangosiaco/Desktop/eec180b/lab6/hdl/bcd2driver.v Line: 36
    Info (12134): Parameter "LPM_WIDTHN" = "7"
    Info (12134): Parameter "LPM_WIDTHD" = "4"
    Info (12134): Parameter "LPM_NREPRESENTATION" = "UNSIGNED"
    Info (12134): Parameter "LPM_DREPRESENTATION" = "UNSIGNED"
Info (12021): Found 1 design units, including 1 entities, in source file db/lpm_divide_bkl.tdf
    Info (12023): Found entity 1: lpm_divide_bkl File: C:/Users/seangosiaco/Desktop/eec180b/lab6/synthesis/bcd2driverTOP/db/lpm_divide_bkl.tdf Line: 25
Info (12021): Found 1 design units, including 1 entities, in source file db/sign_div_unsign_akh.tdf
    Info (12023): Found entity 1: sign_div_unsign_akh File: C:/Users/seangosiaco/Desktop/eec180b/lab6/synthesis/bcd2driverTOP/db/sign_div_unsign_akh.tdf Line: 25
Info (12021): Found 1 design units, including 1 entities, in source file db/alt_u_div_uee.tdf
    Info (12023): Found entity 1: alt_u_div_uee File: C:/Users/seangosiaco/Desktop/eec180b/lab6/synthesis/bcd2driverTOP/db/alt_u_div_uee.tdf Line: 27
Info (12021): Found 1 design units, including 1 entities, in source file db/add_sub_t3c.tdf
    Info (12023): Found entity 1: add_sub_t3c File: C:/Users/seangosiaco/Desktop/eec180b/lab6/synthesis/bcd2driverTOP/db/add_sub_t3c.tdf Line: 23
Info (12021): Found 1 design units, including 1 entities, in source file db/add_sub_u3c.tdf
    Info (12023): Found entity 1: add_sub_u3c File: C:/Users/seangosiaco/Desktop/eec180b/lab6/synthesis/bcd2driverTOP/db/add_sub_u3c.tdf Line: 23
Info (12130): Elaborated megafunction instantiation "bcd2driver:bcd2driver|lpm_divide:Div0" File: C:/Users/seangosiaco/Desktop/eec180b/lab6/hdl/bcd2driver.v Line: 73
Info (12133): Instantiated megafunction "bcd2driver:bcd2driver|lpm_divide:Div0" with the following parameter: File: C:/Users/seangosiaco/Desktop/eec180b/lab6/hdl/bcd2driver.v Line: 73
    Info (12134): Parameter "LPM_WIDTHN" = "7"
    Info (12134): Parameter "LPM_WIDTHD" = "4"
    Info (12134): Parameter "LPM_NREPRESENTATION" = "UNSIGNED"
    Info (12134): Parameter "LPM_DREPRESENTATION" = "UNSIGNED"
Info (12021): Found 1 design units, including 1 entities, in source file db/lpm_divide_8sl.tdf
    Info (12023): Found entity 1: lpm_divide_8sl File: C:/Users/seangosiaco/Desktop/eec180b/lab6/synthesis/bcd2driverTOP/db/lpm_divide_8sl.tdf Line: 25
Warning (12241): 1 hierarchies have connectivity warnings - see the Connectivity Checks report folder
Warning (13024): Output pins are stuck at VCC or GND
    Warning (13410): Pin "HEX0[7]" is stuck at VCC File: C:/Users/seangosiaco/Desktop/eec180b/lab6/synthesis/bcd2driverTOP/bcd2driverTOP.v Line: 14
    Warning (13410): Pin "HEX1[7]" is stuck at VCC File: C:/Users/seangosiaco/Desktop/eec180b/lab6/synthesis/bcd2driverTOP/bcd2driverTOP.v Line: 15
    Warning (13410): Pin "HEX2[0]" is stuck at VCC File: C:/Users/seangosiaco/Desktop/eec180b/lab6/synthesis/bcd2driverTOP/bcd2driverTOP.v Line: 16
    Warning (13410): Pin "HEX2[1]" is stuck at VCC File: C:/Users/seangosiaco/Desktop/eec180b/lab6/synthesis/bcd2driverTOP/bcd2driverTOP.v Line: 16
    Warning (13410): Pin "HEX2[2]" is stuck at VCC File: C:/Users/seangosiaco/Desktop/eec180b/lab6/synthesis/bcd2driverTOP/bcd2driverTOP.v Line: 16
    Warning (13410): Pin "HEX2[3]" is stuck at VCC File: C:/Users/seangosiaco/Desktop/eec180b/lab6/synthesis/bcd2driverTOP/bcd2driverTOP.v Line: 16
    Warning (13410): Pin "HEX2[4]" is stuck at VCC File: C:/Users/seangosiaco/Desktop/eec180b/lab6/synthesis/bcd2driverTOP/bcd2driverTOP.v Line: 16
    Warning (13410): Pin "HEX2[5]" is stuck at VCC File: C:/Users/seangosiaco/Desktop/eec180b/lab6/synthesis/bcd2driverTOP/bcd2driverTOP.v Line: 16
    Warning (13410): Pin "HEX2[6]" is stuck at VCC File: C:/Users/seangosiaco/Desktop/eec180b/lab6/synthesis/bcd2driverTOP/bcd2driverTOP.v Line: 16
    Warning (13410): Pin "HEX2[7]" is stuck at VCC File: C:/Users/seangosiaco/Desktop/eec180b/lab6/synthesis/bcd2driverTOP/bcd2driverTOP.v Line: 16
    Warning (13410): Pin "HEX3[0]" is stuck at VCC File: C:/Users/seangosiaco/Desktop/eec180b/lab6/synthesis/bcd2driverTOP/bcd2driverTOP.v Line: 17
    Warning (13410): Pin "HEX3[1]" is stuck at VCC File: C:/Users/seangosiaco/Desktop/eec180b/lab6/synthesis/bcd2driverTOP/bcd2driverTOP.v Line: 17
    Warning (13410): Pin "HEX3[2]" is stuck at VCC File: C:/Users/seangosiaco/Desktop/eec180b/lab6/synthesis/bcd2driverTOP/bcd2driverTOP.v Line: 17
    Warning (13410): Pin "HEX3[3]" is stuck at VCC File: C:/Users/seangosiaco/Desktop/eec180b/lab6/synthesis/bcd2driverTOP/bcd2driverTOP.v Line: 17
    Warning (13410): Pin "HEX3[4]" is stuck at VCC File: C:/Users/seangosiaco/Desktop/eec180b/lab6/synthesis/bcd2driverTOP/bcd2driverTOP.v Line: 17
    Warning (13410): Pin "HEX3[5]" is stuck at VCC File: C:/Users/seangosiaco/Desktop/eec180b/lab6/synthesis/bcd2driverTOP/bcd2driverTOP.v Line: 17
    Warning (13410): Pin "HEX3[6]" is stuck at VCC File: C:/Users/seangosiaco/Desktop/eec180b/lab6/synthesis/bcd2driverTOP/bcd2driverTOP.v Line: 17
    Warning (13410): Pin "HEX3[7]" is stuck at VCC File: C:/Users/seangosiaco/Desktop/eec180b/lab6/synthesis/bcd2driverTOP/bcd2driverTOP.v Line: 17
    Warning (13410): Pin "HEX4[0]" is stuck at VCC File: C:/Users/seangosiaco/Desktop/eec180b/lab6/synthesis/bcd2driverTOP/bcd2driverTOP.v Line: 18
    Warning (13410): Pin "HEX4[1]" is stuck at VCC File: C:/Users/seangosiaco/Desktop/eec180b/lab6/synthesis/bcd2driverTOP/bcd2driverTOP.v Line: 18
    Warning (13410): Pin "HEX4[2]" is stuck at VCC File: C:/Users/seangosiaco/Desktop/eec180b/lab6/synthesis/bcd2driverTOP/bcd2driverTOP.v Line: 18
    Warning (13410): Pin "HEX4[3]" is stuck at VCC File: C:/Users/seangosiaco/Desktop/eec180b/lab6/synthesis/bcd2driverTOP/bcd2driverTOP.v Line: 18
    Warning (13410): Pin "HEX4[4]" is stuck at VCC File: C:/Users/seangosiaco/Desktop/eec180b/lab6/synthesis/bcd2driverTOP/bcd2driverTOP.v Line: 18
    Warning (13410): Pin "HEX4[5]" is stuck at VCC File: C:/Users/seangosiaco/Desktop/eec180b/lab6/synthesis/bcd2driverTOP/bcd2driverTOP.v Line: 18
    Warning (13410): Pin "HEX4[6]" is stuck at VCC File: C:/Users/seangosiaco/Desktop/eec180b/lab6/synthesis/bcd2driverTOP/bcd2driverTOP.v Line: 18
    Warning (13410): Pin "HEX4[7]" is stuck at VCC File: C:/Users/seangosiaco/Desktop/eec180b/lab6/synthesis/bcd2driverTOP/bcd2driverTOP.v Line: 18
    Warning (13410): Pin "HEX5[0]" is stuck at VCC File: C:/Users/seangosiaco/Desktop/eec180b/lab6/synthesis/bcd2driverTOP/bcd2driverTOP.v Line: 19
    Warning (13410): Pin "HEX5[1]" is stuck at VCC File: C:/Users/seangosiaco/Desktop/eec180b/lab6/synthesis/bcd2driverTOP/bcd2driverTOP.v Line: 19
    Warning (13410): Pin "HEX5[2]" is stuck at VCC File: C:/Users/seangosiaco/Desktop/eec180b/lab6/synthesis/bcd2driverTOP/bcd2driverTOP.v Line: 19
    Warning (13410): Pin "HEX5[3]" is stuck at VCC File: C:/Users/seangosiaco/Desktop/eec180b/lab6/synthesis/bcd2driverTOP/bcd2driverTOP.v Line: 19
    Warning (13410): Pin "HEX5[4]" is stuck at VCC File: C:/Users/seangosiaco/Desktop/eec180b/lab6/synthesis/bcd2driverTOP/bcd2driverTOP.v Line: 19
    Warning (13410): Pin "HEX5[5]" is stuck at VCC File: C:/Users/seangosiaco/Desktop/eec180b/lab6/synthesis/bcd2driverTOP/bcd2driverTOP.v Line: 19
    Warning (13410): Pin "HEX5[6]" is stuck at VCC File: C:/Users/seangosiaco/Desktop/eec180b/lab6/synthesis/bcd2driverTOP/bcd2driverTOP.v Line: 19
    Warning (13410): Pin "HEX5[7]" is stuck at VCC File: C:/Users/seangosiaco/Desktop/eec180b/lab6/synthesis/bcd2driverTOP/bcd2driverTOP.v Line: 19
    Warning (13410): Pin "LEDR[1]" is stuck at GND File: C:/Users/seangosiaco/Desktop/eec180b/lab6/synthesis/bcd2driverTOP/bcd2driverTOP.v Line: 22
    Warning (13410): Pin "LEDR[2]" is stuck at GND File: C:/Users/seangosiaco/Desktop/eec180b/lab6/synthesis/bcd2driverTOP/bcd2driverTOP.v Line: 22
    Warning (13410): Pin "LEDR[3]" is stuck at GND File: C:/Users/seangosiaco/Desktop/eec180b/lab6/synthesis/bcd2driverTOP/bcd2driverTOP.v Line: 22
    Warning (13410): Pin "LEDR[4]" is stuck at GND File: C:/Users/seangosiaco/Desktop/eec180b/lab6/synthesis/bcd2driverTOP/bcd2driverTOP.v Line: 22
    Warning (13410): Pin "LEDR[5]" is stuck at GND File: C:/Users/seangosiaco/Desktop/eec180b/lab6/synthesis/bcd2driverTOP/bcd2driverTOP.v Line: 22
    Warning (13410): Pin "LEDR[6]" is stuck at GND File: C:/Users/seangosiaco/Desktop/eec180b/lab6/synthesis/bcd2driverTOP/bcd2driverTOP.v Line: 22
    Warning (13410): Pin "LEDR[7]" is stuck at GND File: C:/Users/seangosiaco/Desktop/eec180b/lab6/synthesis/bcd2driverTOP/bcd2driverTOP.v Line: 22
    Warning (13410): Pin "LEDR[8]" is stuck at GND File: C:/Users/seangosiaco/Desktop/eec180b/lab6/synthesis/bcd2driverTOP/bcd2driverTOP.v Line: 22
    Warning (13410): Pin "LEDR[9]" is stuck at GND File: C:/Users/seangosiaco/Desktop/eec180b/lab6/synthesis/bcd2driverTOP/bcd2driverTOP.v Line: 22
Info (286030): Timing-Driven Synthesis is running
Info (17016): Found the following redundant logic cells in design
    Info (17048): Logic cell "bcd2driver:bcd2driver|lpm_divide:Mod1|lpm_divide_bkl:auto_generated|sign_div_unsign_akh:divider|alt_u_div_uee:divider|add_sub_6_result_int[0]~0" File: C:/Users/seangosiaco/Desktop/eec180b/lab6/synthesis/bcd2driverTOP/db/alt_u_div_uee.tdf Line: 57
Info (16010): Generating hard_block partition "hard_block:auto_generated_inst"
    Info (16011): Adding 0 node(s), including 0 DDIO, 0 PLL, 0 transceiver and 0 LCELL
Warning (21074): Design contains 6 input pin(s) that do not drive logic
    Warning (15610): No output dependent on input pin "ADC_CLK_10" File: C:/Users/seangosiaco/Desktop/eec180b/lab6/synthesis/bcd2driverTOP/bcd2driverTOP.v Line: 9
    Warning (15610): No output dependent on input pin "MAX10_CLK1_50" File: C:/Users/seangosiaco/Desktop/eec180b/lab6/synthesis/bcd2driverTOP/bcd2driverTOP.v Line: 10
    Warning (15610): No output dependent on input pin "MAX10_CLK2_50" File: C:/Users/seangosiaco/Desktop/eec180b/lab6/synthesis/bcd2driverTOP/bcd2driverTOP.v Line: 11
    Warning (15610): No output dependent on input pin "SW[7]" File: C:/Users/seangosiaco/Desktop/eec180b/lab6/synthesis/bcd2driverTOP/bcd2driverTOP.v Line: 26
    Warning (15610): No output dependent on input pin "SW[8]" File: C:/Users/seangosiaco/Desktop/eec180b/lab6/synthesis/bcd2driverTOP/bcd2driverTOP.v Line: 26
    Warning (15610): No output dependent on input pin "SW[9]" File: C:/Users/seangosiaco/Desktop/eec180b/lab6/synthesis/bcd2driverTOP/bcd2driverTOP.v Line: 26
Info (21057): Implemented 200 device resources after synthesis - the final resource count might be different
    Info (21058): Implemented 13 input pins
    Info (21059): Implemented 58 output pins
    Info (21061): Implemented 129 logic cells
Info: Quartus Prime Analysis & Synthesis was successful. 0 errors, 54 warnings
    Info: Peak virtual memory: 628 megabytes
    Info: Processing ended: Wed May 16 16:10:59 2018
    Info: Elapsed time: 00:00:16
    Info: Total CPU time (on all processors): 00:00:37


