Analysis & Synthesis report for top_clock
Wed May 23 17:35:50 2018
Quartus Prime Version 16.1.0 Build 196 10/24/2016 SJ Lite Edition


---------------------
; Table of Contents ;
---------------------
  1. Legal Notice
  2. Analysis & Synthesis Summary
  3. Analysis & Synthesis Settings
  4. Parallel Compilation
  5. Analysis & Synthesis Source Files Read
  6. Analysis & Synthesis Resource Usage Summary
  7. Analysis & Synthesis Resource Utilization by Entity
  8. General Register Statistics
  9. Multiplexer Restructuring Statistics (Restructuring Performed)
 10. Port Connectivity Checks: "pulse:sec_20"
 11. Port Connectivity Checks: "pulse:sec_10"
 12. Port Connectivity Checks: "pulse:sec"
 13. Post-Synthesis Netlist Statistics for Top Partition
 14. Elapsed Time Per Partition
 15. Analysis & Synthesis Messages



----------------
; Legal Notice ;
----------------
Copyright (C) 2016  Intel Corporation. All rights reserved.
Your use of Intel Corporation's design tools, logic functions 
and other software and tools, and its AMPP partner logic 
functions, and any output files from any of the foregoing 
(including device programming or simulation files), and any 
associated documentation or information are expressly subject 
to the terms and conditions of the Intel Program License 
Subscription Agreement, the Intel Quartus Prime License Agreement,
the Intel MegaCore Function License Agreement, or other 
applicable license agreement, including, without limitation, 
that your use is for the sole purpose of programming logic 
devices manufactured by Intel and sold by Intel or its 
authorized distributors.  Please refer to the applicable 
agreement for further details.



+----------------------------------------------------------------------------------+
; Analysis & Synthesis Summary                                                     ;
+------------------------------------+---------------------------------------------+
; Analysis & Synthesis Status        ; Successful - Wed May 23 17:35:50 2018       ;
; Quartus Prime Version              ; 16.1.0 Build 196 10/24/2016 SJ Lite Edition ;
; Revision Name                      ; top_clock                                   ;
; Top-level Entity Name              ; top_clock                                   ;
; Family                             ; MAX 10                                      ;
; Total logic elements               ; 119                                         ;
;     Total combinational functions  ; 118                                         ;
;     Dedicated logic registers      ; 79                                          ;
; Total registers                    ; 79                                          ;
; Total pins                         ; 25                                          ;
; Total virtual pins                 ; 0                                           ;
; Total memory bits                  ; 0                                           ;
; Embedded Multiplier 9-bit elements ; 0                                           ;
; Total PLLs                         ; 0                                           ;
; UFM blocks                         ; 0                                           ;
; ADC blocks                         ; 0                                           ;
+------------------------------------+---------------------------------------------+


+----------------------------------------------------------------------------------------------------------------------+
; Analysis & Synthesis Settings                                                                                        ;
+----------------------------------------------------------------------------+--------------------+--------------------+
; Option                                                                     ; Setting            ; Default Value      ;
+----------------------------------------------------------------------------+--------------------+--------------------+
; Device                                                                     ; 10M50DAF484C7G     ;                    ;
; Top-level entity name                                                      ; top_clock          ; top_clock          ;
; Family name                                                                ; MAX 10 FPGA        ; Cyclone V          ;
; Use smart compilation                                                      ; Off                ; Off                ;
; Enable parallel Assembler and TimeQuest Timing Analyzer during compilation ; On                 ; On                 ;
; Enable compact report table                                                ; Off                ; Off                ;
; Restructure Multiplexers                                                   ; Auto               ; Auto               ;
; Create Debugging Nodes for IP Cores                                        ; Off                ; Off                ;
; Preserve fewer node names                                                  ; On                 ; On                 ;
; OpenCore Plus hardware evaluation                                          ; Enable             ; Enable             ;
; Verilog Version                                                            ; Verilog_2001       ; Verilog_2001       ;
; VHDL Version                                                               ; VHDL_1993          ; VHDL_1993          ;
; State Machine Processing                                                   ; Auto               ; Auto               ;
; Safe State Machine                                                         ; Off                ; Off                ;
; Extract Verilog State Machines                                             ; On                 ; On                 ;
; Extract VHDL State Machines                                                ; On                 ; On                 ;
; Ignore Verilog initial constructs                                          ; Off                ; Off                ;
; Iteration limit for constant Verilog loops                                 ; 5000               ; 5000               ;
; Iteration limit for non-constant Verilog loops                             ; 250                ; 250                ;
; Add Pass-Through Logic to Inferred RAMs                                    ; On                 ; On                 ;
; Infer RAMs from Raw Logic                                                  ; On                 ; On                 ;
; Parallel Synthesis                                                         ; On                 ; On                 ;
; DSP Block Balancing                                                        ; Auto               ; Auto               ;
; NOT Gate Push-Back                                                         ; On                 ; On                 ;
; Power-Up Don't Care                                                        ; On                 ; On                 ;
; Remove Redundant Logic Cells                                               ; Off                ; Off                ;
; Remove Duplicate Registers                                                 ; On                 ; On                 ;
; Ignore CARRY Buffers                                                       ; Off                ; Off                ;
; Ignore CASCADE Buffers                                                     ; Off                ; Off                ;
; Ignore GLOBAL Buffers                                                      ; Off                ; Off                ;
; Ignore ROW GLOBAL Buffers                                                  ; Off                ; Off                ;
; Ignore LCELL Buffers                                                       ; Off                ; Off                ;
; Ignore SOFT Buffers                                                        ; On                 ; On                 ;
; Limit AHDL Integers to 32 Bits                                             ; Off                ; Off                ;
; Optimization Technique                                                     ; Balanced           ; Balanced           ;
; Carry Chain Length                                                         ; 70                 ; 70                 ;
; Auto Carry Chains                                                          ; On                 ; On                 ;
; Auto Open-Drain Pins                                                       ; On                 ; On                 ;
; Perform WYSIWYG Primitive Resynthesis                                      ; Off                ; Off                ;
; Auto ROM Replacement                                                       ; On                 ; On                 ;
; Auto RAM Replacement                                                       ; On                 ; On                 ;
; Auto DSP Block Replacement                                                 ; On                 ; On                 ;
; Auto Shift Register Replacement                                            ; Auto               ; Auto               ;
; Allow Shift Register Merging across Hierarchies                            ; Auto               ; Auto               ;
; Auto Clock Enable Replacement                                              ; On                 ; On                 ;
; Strict RAM Replacement                                                     ; Off                ; Off                ;
; Allow Synchronous Control Signals                                          ; On                 ; On                 ;
; Force Use of Synchronous Clear Signals                                     ; Off                ; Off                ;
; Auto RAM Block Balancing                                                   ; On                 ; On                 ;
; Auto RAM to Logic Cell Conversion                                          ; Off                ; Off                ;
; Auto Resource Sharing                                                      ; Off                ; Off                ;
; Allow Any RAM Size For Recognition                                         ; Off                ; Off                ;
; Allow Any ROM Size For Recognition                                         ; Off                ; Off                ;
; Allow Any Shift Register Size For Recognition                              ; Off                ; Off                ;
; Use LogicLock Constraints during Resource Balancing                        ; On                 ; On                 ;
; Ignore translate_off and synthesis_off directives                          ; Off                ; Off                ;
; Timing-Driven Synthesis                                                    ; On                 ; On                 ;
; Report Parameter Settings                                                  ; On                 ; On                 ;
; Report Source Assignments                                                  ; On                 ; On                 ;
; Report Connectivity Checks                                                 ; On                 ; On                 ;
; Ignore Maximum Fan-Out Assignments                                         ; Off                ; Off                ;
; Synchronization Register Chain Length                                      ; 2                  ; 2                  ;
; PowerPlay Power Optimization During Synthesis                              ; Normal compilation ; Normal compilation ;
; HDL message level                                                          ; Level2             ; Level2             ;
; Suppress Register Optimization Related Messages                            ; Off                ; Off                ;
; Number of Removed Registers Reported in Synthesis Report                   ; 5000               ; 5000               ;
; Number of Swept Nodes Reported in Synthesis Report                         ; 5000               ; 5000               ;
; Number of Inverted Registers Reported in Synthesis Report                  ; 100                ; 100                ;
; Clock MUX Protection                                                       ; On                 ; On                 ;
; Auto Gated Clock Conversion                                                ; Off                ; Off                ;
; Block Design Naming                                                        ; Auto               ; Auto               ;
; SDC constraint protection                                                  ; Off                ; Off                ;
; Synthesis Effort                                                           ; Auto               ; Auto               ;
; Shift Register Replacement - Allow Asynchronous Clear Signal               ; On                 ; On                 ;
; Pre-Mapping Resynthesis Optimization                                       ; Off                ; Off                ;
; Analysis & Synthesis Message Level                                         ; Medium             ; Medium             ;
; Disable Register Merging Across Hierarchies                                ; Auto               ; Auto               ;
; Resource Aware Inference For Block RAM                                     ; On                 ; On                 ;
+----------------------------------------------------------------------------+--------------------+--------------------+


+------------------------------------------+
; Parallel Compilation                     ;
+----------------------------+-------------+
; Processors                 ; Number      ;
+----------------------------+-------------+
; Number detected on machine ; 4           ;
; Maximum allowed            ; 2           ;
;                            ;             ;
; Average used               ; 1.00        ;
; Maximum used               ; 2           ;
;                            ;             ;
; Usage by Processor         ; % Time Used ;
;     Processor 1            ; 100.0%      ;
;     Processor 2            ;   0.0%      ;
+----------------------------+-------------+


+-------------------------------------------------------------------------------------------------------------------------------------------------------------------------+
; Analysis & Synthesis Source Files Read                                                                                                                                  ;
+----------------------------------+-----------------+------------------------------+---------------------------------------------------------------------------+---------+
; File Name with User-Entered Path ; Used in Netlist ; File Type                    ; File Name with Absolute Path                                              ; Library ;
+----------------------------------+-----------------+------------------------------+---------------------------------------------------------------------------+---------+
; ../../hdl/pulse.v                ; yes             ; User Verilog HDL File        ; C:/Users/seangosiaco/Desktop/eec180b/lab7/hdl/pulse.v                     ;         ;
; top_clock.v                      ; yes             ; Auto-Found Verilog HDL File  ; C:/Users/seangosiaco/Desktop/eec180b/lab7/synthesis/top_clock/top_clock.v ;         ;
+----------------------------------+-----------------+------------------------------+---------------------------------------------------------------------------+---------+


+-------------------------------------------------------------------+
; Analysis & Synthesis Resource Usage Summary                       ;
+---------------------------------------------+---------------------+
; Resource                                    ; Usage               ;
+---------------------------------------------+---------------------+
; Estimated Total logic elements              ; 119                 ;
;                                             ;                     ;
; Total combinational functions               ; 118                 ;
; Logic element usage by number of LUT inputs ;                     ;
;     -- 4 input functions                    ; 35                  ;
;     -- 3 input functions                    ; 5                   ;
;     -- <=2 input functions                  ; 78                  ;
;                                             ;                     ;
; Logic elements by mode                      ;                     ;
;     -- normal mode                          ; 43                  ;
;     -- arithmetic mode                      ; 75                  ;
;                                             ;                     ;
; Total registers                             ; 79                  ;
;     -- Dedicated logic registers            ; 79                  ;
;     -- I/O registers                        ; 0                   ;
;                                             ;                     ;
; I/O pins                                    ; 25                  ;
;                                             ;                     ;
; Embedded Multiplier 9-bit elements          ; 0                   ;
;                                             ;                     ;
; Maximum fan-out node                        ; MAX10_CLK1_50~input ;
; Maximum fan-out                             ; 79                  ;
; Total fan-out                               ; 573                 ;
; Average fan-out                             ; 2.32                ;
+---------------------------------------------+---------------------+


+----------------------------------------------------------------------------------------------------------------------------------------------------------------------------------------------------------------------------------------+
; Analysis & Synthesis Resource Utilization by Entity                                                                                                                                                                                    ;
+----------------------------+---------------------+---------------------------+-------------+------------+--------------+---------+-----------+------+--------------+------------+-------------------------+-------------+--------------+
; Compilation Hierarchy Node ; Combinational ALUTs ; Dedicated Logic Registers ; Memory Bits ; UFM Blocks ; DSP Elements ; DSP 9x9 ; DSP 18x18 ; Pins ; Virtual Pins ; ADC blocks ; Full Hierarchy Name     ; Entity Name ; Library Name ;
+----------------------------+---------------------+---------------------------+-------------+------------+--------------+---------+-----------+------+--------------+------------+-------------------------+-------------+--------------+
; |top_clock                 ; 118 (0)             ; 79 (1)                    ; 0           ; 0          ; 0            ; 0       ; 0         ; 25   ; 0            ; 0          ; |top_clock              ; top_clock   ; work         ;
;    |pulse:sec_10|          ; 40 (40)             ; 26 (26)                   ; 0           ; 0          ; 0            ; 0       ; 0         ; 0    ; 0            ; 0          ; |top_clock|pulse:sec_10 ; pulse       ; work         ;
;    |pulse:sec_20|          ; 36 (36)             ; 26 (26)                   ; 0           ; 0          ; 0            ; 0       ; 0         ; 0    ; 0            ; 0          ; |top_clock|pulse:sec_20 ; pulse       ; work         ;
;    |pulse:sec|             ; 42 (42)             ; 26 (26)                   ; 0           ; 0          ; 0            ; 0       ; 0         ; 0    ; 0            ; 0          ; |top_clock|pulse:sec    ; pulse       ; work         ;
+----------------------------+---------------------+---------------------------+-------------+------------+--------------+---------+-----------+------+--------------+------------+-------------------------+-------------+--------------+
Note: For table entries with two numbers listed, the numbers in parentheses indicate the number of resources of the given type used by the specific entity alone. The numbers listed outside of parentheses indicate the total resources of the given type used by the specific entity and all of its sub-entities in the hierarchy.


+------------------------------------------------------+
; General Register Statistics                          ;
+----------------------------------------------+-------+
; Statistic                                    ; Value ;
+----------------------------------------------+-------+
; Total registers                              ; 79    ;
; Number of registers using Synchronous Clear  ; 78    ;
; Number of registers using Synchronous Load   ; 0     ;
; Number of registers using Asynchronous Clear ; 0     ;
; Number of registers using Asynchronous Load  ; 0     ;
; Number of registers using Clock Enable       ; 0     ;
; Number of registers using Preset             ; 0     ;
+----------------------------------------------+-------+


+-------------------------------------------------------------------------------------------------------------------------------------------------+
; Multiplexer Restructuring Statistics (Restructuring Performed)                                                                                  ;
+--------------------+-----------+---------------+----------------------+------------------------+------------+-----------------------------------+
; Multiplexer Inputs ; Bus Width ; Baseline Area ; Area if Restructured ; Saving if Restructured ; Registered ; Example Multiplexer Output        ;
+--------------------+-----------+---------------+----------------------+------------------------+------------+-----------------------------------+
; 3:1                ; 26 bits   ; 52 LEs        ; 26 LEs               ; 26 LEs                 ; Yes        ; |top_clock|pulse:sec_20|count[18] ;
; 3:1                ; 26 bits   ; 52 LEs        ; 26 LEs               ; 26 LEs                 ; Yes        ; |top_clock|pulse:sec_10|count[2]  ;
; 3:1                ; 26 bits   ; 52 LEs        ; 26 LEs               ; 26 LEs                 ; Yes        ; |top_clock|pulse:sec|count[25]    ;
+--------------------+-----------+---------------+----------------------+------------------------+------------+-----------------------------------+


+----------------------------------------------------+
; Port Connectivity Checks: "pulse:sec_20"           ;
+------------------+-------+----------+--------------+
; Port             ; Type  ; Severity ; Details      ;
+------------------+-------+----------+--------------+
; divideby[25..15] ; Input ; Info     ; Stuck at GND ;
; divideby[13..2]  ; Input ; Info     ; Stuck at GND ;
; divideby[14]     ; Input ; Info     ; Stuck at VCC ;
; divideby[1]      ; Input ; Info     ; Stuck at VCC ;
; divideby[0]      ; Input ; Info     ; Stuck at GND ;
+------------------+-------+----------+--------------+


+----------------------------------------------------+
; Port Connectivity Checks: "pulse:sec_10"           ;
+------------------+-------+----------+--------------+
; Port             ; Type  ; Severity ; Details      ;
+------------------+-------+----------+--------------+
; divideby[19..18] ; Input ; Info     ; Stuck at VCC ;
; divideby[9..8]   ; Input ; Info     ; Stuck at VCC ;
; divideby[25..23] ; Input ; Info     ; Stuck at GND ;
; divideby[21..20] ; Input ; Info     ; Stuck at GND ;
; divideby[17..15] ; Input ; Info     ; Stuck at GND ;
; divideby[13..12] ; Input ; Info     ; Stuck at GND ;
; divideby[5..0]   ; Input ; Info     ; Stuck at GND ;
; divideby[22]     ; Input ; Info     ; Stuck at VCC ;
; divideby[14]     ; Input ; Info     ; Stuck at VCC ;
; divideby[11]     ; Input ; Info     ; Stuck at VCC ;
; divideby[10]     ; Input ; Info     ; Stuck at GND ;
; divideby[7]      ; Input ; Info     ; Stuck at GND ;
; divideby[6]      ; Input ; Info     ; Stuck at VCC ;
+------------------+-------+----------+--------------+


+----------------------------------------------------+
; Port Connectivity Checks: "pulse:sec"              ;
+------------------+-------+----------+--------------+
; Port             ; Type  ; Severity ; Details      ;
+------------------+-------+----------+--------------+
; divideby[23..19] ; Input ; Info     ; Stuck at VCC ;
; divideby[15..12] ; Input ; Info     ; Stuck at VCC ;
; divideby[11..8]  ; Input ; Info     ; Stuck at GND ;
; divideby[6..0]   ; Input ; Info     ; Stuck at GND ;
; divideby[25]     ; Input ; Info     ; Stuck at VCC ;
; divideby[24]     ; Input ; Info     ; Stuck at GND ;
; divideby[18]     ; Input ; Info     ; Stuck at GND ;
; divideby[17]     ; Input ; Info     ; Stuck at VCC ;
; divideby[16]     ; Input ; Info     ; Stuck at GND ;
; divideby[7]      ; Input ; Info     ; Stuck at VCC ;
+------------------+-------+----------+--------------+


+-----------------------------------------------------+
; Post-Synthesis Netlist Statistics for Top Partition ;
+-----------------------+-----------------------------+
; Type                  ; Count                       ;
+-----------------------+-----------------------------+
; boundary_port         ; 25                          ;
; cycloneiii_ff         ; 79                          ;
;     SCLR              ; 78                          ;
;     plain             ; 1                           ;
; cycloneiii_lcell_comb ; 120                         ;
;     arith             ; 75                          ;
;         2 data inputs ; 75                          ;
;     normal            ; 45                          ;
;         0 data inputs ; 1                           ;
;         1 data inputs ; 4                           ;
;         3 data inputs ; 5                           ;
;         4 data inputs ; 35                          ;
;                       ;                             ;
; Max LUT depth         ; 4.00                        ;
; Average LUT depth     ; 2.95                        ;
+-----------------------+-----------------------------+


+-------------------------------+
; Elapsed Time Per Partition    ;
+----------------+--------------+
; Partition Name ; Elapsed Time ;
+----------------+--------------+
; Top            ; 00:00:00     ;
+----------------+--------------+


+-------------------------------+
; Analysis & Synthesis Messages ;
+-------------------------------+
Info: *******************************************************************
Info: Running Quartus Prime Analysis & Synthesis
    Info: Version 16.1.0 Build 196 10/24/2016 SJ Lite Edition
    Info: Processing started: Wed May 23 17:35:34 2018
Info: Command: quartus_map --read_settings_files=on --write_settings_files=off top_clock -c top_clock
Warning (18236): Number of processors has not been specified which may cause overloading on shared machines.  Set the global assignment NUM_PARALLEL_PROCESSORS in your QSF to an appropriate value for best performance.
Info (20030): Parallel compilation is enabled and will use 2 of the 2 processors detected
Info (12021): Found 1 design units, including 1 entities, in source file /users/seangosiaco/desktop/eec180b/lab7/hdl/pulse.v
    Info (12023): Found entity 1: pulse File: C:/Users/seangosiaco/Desktop/eec180b/lab7/hdl/pulse.v Line: 1
Warning (12125): Using design file top_clock.v, which is not specified as a design file for the current project, but contains definitions for 1 design units and 1 entities in project
    Info (12023): Found entity 1: top_clock File: C:/Users/seangosiaco/Desktop/eec180b/lab7/synthesis/top_clock/top_clock.v Line: 6
Info (12127): Elaborating entity "top_clock" for the top level hierarchy
Warning (10036): Verilog HDL or VHDL warning at top_clock.v(26): object "SW_r" assigned a value but never read File: C:/Users/seangosiaco/Desktop/eec180b/lab7/synthesis/top_clock/top_clock.v Line: 26
Warning (10034): Output port "LEDR[6..1]" at top_clock.v(17) has no driver File: C:/Users/seangosiaco/Desktop/eec180b/lab7/synthesis/top_clock/top_clock.v Line: 17
Info (12128): Elaborating entity "pulse" for hierarchy "pulse:sec" File: C:/Users/seangosiaco/Desktop/eec180b/lab7/synthesis/top_clock/top_clock.v Line: 45
Warning (13024): Output pins are stuck at VCC or GND
    Warning (13410): Pin "LEDR[1]" is stuck at GND File: C:/Users/seangosiaco/Desktop/eec180b/lab7/synthesis/top_clock/top_clock.v Line: 17
    Warning (13410): Pin "LEDR[2]" is stuck at GND File: C:/Users/seangosiaco/Desktop/eec180b/lab7/synthesis/top_clock/top_clock.v Line: 17
    Warning (13410): Pin "LEDR[3]" is stuck at GND File: C:/Users/seangosiaco/Desktop/eec180b/lab7/synthesis/top_clock/top_clock.v Line: 17
    Warning (13410): Pin "LEDR[4]" is stuck at GND File: C:/Users/seangosiaco/Desktop/eec180b/lab7/synthesis/top_clock/top_clock.v Line: 17
    Warning (13410): Pin "LEDR[5]" is stuck at GND File: C:/Users/seangosiaco/Desktop/eec180b/lab7/synthesis/top_clock/top_clock.v Line: 17
    Warning (13410): Pin "LEDR[6]" is stuck at GND File: C:/Users/seangosiaco/Desktop/eec180b/lab7/synthesis/top_clock/top_clock.v Line: 17
Info (286030): Timing-Driven Synthesis is running
Info (16010): Generating hard_block partition "hard_block:auto_generated_inst"
    Info (16011): Adding 0 node(s), including 0 DDIO, 0 PLL, 0 transceiver and 0 LCELL
Warning (21074): Design contains 13 input pin(s) that do not drive logic
    Warning (15610): No output dependent on input pin "ADC_CLK_10" File: C:/Users/seangosiaco/Desktop/eec180b/lab7/synthesis/top_clock/top_clock.v Line: 9
    Warning (15610): No output dependent on input pin "MAX10_CLK2_50" File: C:/Users/seangosiaco/Desktop/eec180b/lab7/synthesis/top_clock/top_clock.v Line: 11
    Warning (15610): No output dependent on input pin "KEY[1]" File: C:/Users/seangosiaco/Desktop/eec180b/lab7/synthesis/top_clock/top_clock.v Line: 14
    Warning (15610): No output dependent on input pin "SW[0]" File: C:/Users/seangosiaco/Desktop/eec180b/lab7/synthesis/top_clock/top_clock.v Line: 21
    Warning (15610): No output dependent on input pin "SW[1]" File: C:/Users/seangosiaco/Desktop/eec180b/lab7/synthesis/top_clock/top_clock.v Line: 21
    Warning (15610): No output dependent on input pin "SW[2]" File: C:/Users/seangosiaco/Desktop/eec180b/lab7/synthesis/top_clock/top_clock.v Line: 21
    Warning (15610): No output dependent on input pin "SW[3]" File: C:/Users/seangosiaco/Desktop/eec180b/lab7/synthesis/top_clock/top_clock.v Line: 21
    Warning (15610): No output dependent on input pin "SW[4]" File: C:/Users/seangosiaco/Desktop/eec180b/lab7/synthesis/top_clock/top_clock.v Line: 21
    Warning (15610): No output dependent on input pin "SW[5]" File: C:/Users/seangosiaco/Desktop/eec180b/lab7/synthesis/top_clock/top_clock.v Line: 21
    Warning (15610): No output dependent on input pin "SW[6]" File: C:/Users/seangosiaco/Desktop/eec180b/lab7/synthesis/top_clock/top_clock.v Line: 21
    Warning (15610): No output dependent on input pin "SW[7]" File: C:/Users/seangosiaco/Desktop/eec180b/lab7/synthesis/top_clock/top_clock.v Line: 21
    Warning (15610): No output dependent on input pin "SW[8]" File: C:/Users/seangosiaco/Desktop/eec180b/lab7/synthesis/top_clock/top_clock.v Line: 21
    Warning (15610): No output dependent on input pin "SW[9]" File: C:/Users/seangosiaco/Desktop/eec180b/lab7/synthesis/top_clock/top_clock.v Line: 21
Info (21057): Implemented 144 device resources after synthesis - the final resource count might be different
    Info (21058): Implemented 15 input pins
    Info (21059): Implemented 10 output pins
    Info (21061): Implemented 119 logic cells
Info: Quartus Prime Analysis & Synthesis was successful. 0 errors, 25 warnings
    Info: Peak virtual memory: 631 megabytes
    Info: Processing ended: Wed May 23 17:35:50 2018
    Info: Elapsed time: 00:00:16
    Info: Total CPU time (on all processors): 00:00:38


